for fsm in /srv/pdb/loops/*.fsm
do
	echo $fsm
	cmd/addmoribund -v $fsm ${fsm%.fsm}.mfsm 2>&1
	echo
done | tee doc/addmoribund.out

/srv/pdb/loops/0.fsm
loading finite state machine...
adding moribund states...
    1:                    0 ( 0.00%)
total:                    0 ( 0.00%)
other:                   26 (104.00%)
writing finite state machine...
square  0:          1 states (         16 bytes)
square  1:          1 states (         16 bytes)
square  2:          1 states (         16 bytes)
square  3:          1 states (         16 bytes)
square  4:          1 states (         16 bytes)
square  5:          1 states (         16 bytes)
square  6:          1 states (         16 bytes)
square  7:          1 states (         16 bytes)
square  8:          1 states (         16 bytes)
square  9:          1 states (         16 bytes)
square 10:          1 states (         16 bytes)
square 11:          1 states (         16 bytes)
square 12:          1 states (         16 bytes)
square 13:          1 states (         16 bytes)
square 14:          1 states (         16 bytes)
square 15:          1 states (         16 bytes)
square 16:          1 states (         16 bytes)
square 17:          1 states (         16 bytes)
square 18:          1 states (         16 bytes)
square 19:          1 states (         16 bytes)
square 20:          1 states (         16 bytes)
square 21:          1 states (         16 bytes)
square 22:          1 states (         16 bytes)
square 23:          1 states (         16 bytes)
square 24:          1 states (         16 bytes)
writing moribund state tables...
finite state machine successfully written

/srv/pdb/loops/10.fsm
loading finite state machine...
adding moribund states...
    1:                  231 ( 1.13%)
    2:                   67 ( 0.33%)
    3:                    2 ( 0.01%)
    4:                    0 ( 0.00%)
total:                  300 ( 1.47%)
other:                20129 (98.54%)
writing finite state machine...
square  0:        252 states (       4032 bytes)
square  1:        551 states (       8816 bytes)
square  2:        648 states (      10368 bytes)
square  3:        549 states (       8784 bytes)
square  4:        250 states (       4000 bytes)
square  5:        549 states (       8784 bytes)
square  6:       1251 states (      20016 bytes)
square  7:       1496 states (      23936 bytes)
square  8:       1245 states (      19920 bytes)
square  9:        543 states (       8688 bytes)
square 10:        639 states (      10224 bytes)
square 11:       1477 states (      23632 bytes)
square 12:       1732 states (      27712 bytes)
square 13:       1469 states (      23504 bytes)
square 14:        631 states (      10096 bytes)
square 15:        541 states (       8656 bytes)
square 16:       1225 states (      19600 bytes)
square 17:       1454 states (      23264 bytes)
square 18:       1219 states (      19504 bytes)
square 19:        535 states (       8560 bytes)
square 20:        247 states (       3952 bytes)
square 21:        532 states (       8512 bytes)
square 22:        618 states (       9888 bytes)
square 23:        530 states (       8480 bytes)
square 24:        245 states (       3920 bytes)
writing moribund state tables...
finite state machine successfully written

/srv/pdb/loops/11.fsm
loading finite state machine...
adding moribund states...
    1:                  239 ( 1.14%)
    2:                   67 ( 0.32%)
    3:                    2 ( 0.01%)
    4:                    0 ( 0.00%)
total:                  308 ( 1.47%)
other:                20583 (98.53%)
writing finite state machine...
square  0:        255 states (       4080 bytes)
square  1:        558 states (       8928 bytes)
square  2:        658 states (      10528 bytes)
square  3:        556 states (       8896 bytes)
square  4:        253 states (       4048 bytes)
square  5:        558 states (       8928 bytes)
square  6:       1272 states (      20352 bytes)
square  7:       1522 states (      24352 bytes)
square  8:       1266 states (      20256 bytes)
square  9:        552 states (       8832 bytes)
square 10:        654 states (      10464 bytes)
square 11:       1510 states (      24160 bytes)
square 12:       1770 states (      28320 bytes)
square 13:       1502 states (      24032 bytes)
square 14:        646 states (      10336 bytes)
square 15:        556 states (       8896 bytes)
square 16:       1258 states (      20128 bytes)
square 17:       1492 states (      23872 bytes)
square 18:       1252 states (      20032 bytes)
square 19:        550 states (       8800 bytes)
square 20:        256 states (       4096 bytes)
square 21:        551 states (       8816 bytes)
square 22:        640 states (      10240 bytes)
square 23:        549 states (       8784 bytes)
square 24:        254 states (       4064 bytes)
writing moribund state tables...
finite state machine successfully written

/srv/pdb/loops/12.fsm
loading finite state machine...
adding moribund states...
    1:                 1499 ( 1.46%)
    2:                  468 ( 0.46%)
    3:                   82 ( 0.08%)
    4:                   68 ( 0.07%)
    5:                    0 ( 0.00%)
total:                 2117 ( 2.06%)
other:               100657 (97.94%)
writing finite state machine...
square  0:       1371 states (      21936 bytes)
square  1:       2742 states (      43872 bytes)
square  2:       3279 states (      52464 bytes)
square  3:       2727 states (      43632 bytes)
square  4:       1359 states (      21744 bytes)
square  5:       2750 states (      44000 bytes)
square  6:       6052 states (      96832 bytes)
square  7:       7453 states (     119248 bytes)
square  8:       6016 states (      96256 bytes)
square  9:       2724 states (      43584 bytes)
square 10:       3269 states (      52304 bytes)
square 11:       7419 states (     118704 bytes)
square 12:       9248 states (     147968 bytes)
square 13:       7373 states (     117968 bytes)
square 14:       3236 states (      51776 bytes)
square 15:       2711 states (      43376 bytes)
square 16:       5946 states (      95136 bytes)
square 17:       7278 states (     116448 bytes)
square 18:       5899 states (      94384 bytes)
square 19:       2678 states (      42848 bytes)
square 20:       1355 states (      21680 bytes)
square 21:       2695 states (      43120 bytes)
square 22:       3182 states (      50912 bytes)
square 23:       2670 states (      42720 bytes)
square 24:       1341 states (      21456 bytes)
writing moribund state tables...
finite state machine successfully written

/srv/pdb/loops/13.fsm
loading finite state machine...
adding moribund states...
    1:                 1681 ( 1.39%)
    2:                  558 ( 0.46%)
    3:                   90 ( 0.07%)
    4:                   72 ( 0.06%)
    5:                    0 ( 0.00%)
total:                 2401 ( 1.99%)
other:               118475 (98.01%)
writing finite state machine...
square  0:       1601 states (      25616 bytes)
square  1:       3228 states (      51648 bytes)
square  2:       3926 states (      62816 bytes)
square  3:       3208 states (      51328 bytes)
square  4:       1587 states (      25392 bytes)
square  5:       3231 states (      51696 bytes)
square  6:       7087 states (     113392 bytes)
square  7:       8827 states (     141232 bytes)
square  8:       7034 states (     112544 bytes)
square  9:       3198 states (      51168 bytes)
square 10:       3890 states (      62240 bytes)
square 11:       8770 states (     140320 bytes)
square 12:      11031 states (     176496 bytes)
square 13:       8703 states (     139248 bytes)
square 14:       3847 states (      61552 bytes)
square 15:       3158 states (      50528 bytes)
square 16:       6922 states (     110752 bytes)
square 17:       8572 states (     137152 bytes)
square 18:       6858 states (     109728 bytes)
square 19:       3117 states (      49872 bytes)
square 20:       1556 states (      24896 bytes)
square 21:       3127 states (      50032 bytes)
square 22:       3758 states (      60128 bytes)
square 23:       3100 states (      49600 bytes)
square 24:       1539 states (      24624 bytes)
writing moribund state tables...
finite state machine successfully written

/srv/pdb/loops/14.fsm
loading finite state machine...
adding moribund states...
    1:                 8050 ( 1.59%)
    2:                 2656 ( 0.52%)
    3:                  576 ( 0.11%)
    4:                  477 ( 0.09%)
    5:                    0 ( 0.00%)
total:                11759 ( 2.32%)
other:               494816 (97.68%)
writing finite state machine...
square  0:       6996 states (     111936 bytes)
square  1:      13755 states (     220080 bytes)
square  2:      16340 states (     261440 bytes)
square  3:      13753 states (     220048 bytes)
square  4:       6979 states (     111664 bytes)
square  5:      13758 states (     220128 bytes)
square  6:      29442 states (     471072 bytes)
square  7:      36101 states (     577616 bytes)
square  8:      29401 states (     470416 bytes)
square  9:      13667 states (     218672 bytes)
square 10:      16285 states (     260560 bytes)
square 11:      36003 states (     576048 bytes)
square 12:      44483 states (     711728 bytes)
square 13:      35845 states (     573520 bytes)
square 14:      16104 states (     257664 bytes)
square 15:      13687 states (     218992 bytes)
square 16:      29165 states (     466640 bytes)
square 17:      35483 states (     567728 bytes)
square 18:      29009 states (     464144 bytes)
square 19:      13536 states (     216576 bytes)
square 20:       6958 states (     111328 bytes)
square 21:      13540 states (     216640 bytes)
square 22:      15875 states (     254000 bytes)
square 23:      13481 states (     215696 bytes)
square 24:       6928 states (     110848 bytes)
writing moribund state tables...
finite state machine successfully written

/srv/pdb/loops/15.fsm
loading finite state machine...
adding moribund states...
    1:                 9679 ( 1.55%)
    2:                 3354 ( 0.54%)
    3:                  714 ( 0.11%)
    4:                  570 ( 0.09%)
    5:                    5 ( 0.00%)
    6:                    0 ( 0.00%)
total:                14322 ( 2.29%)
other:               612016 (97.71%)
writing finite state machine...
square  0:       8309 states (     132944 bytes)
square  1:      16696 states (     267136 bytes)
square  2:      20143 states (     322288 bytes)
square  3:      16700 states (     267200 bytes)
square  4:       8283 states (     132528 bytes)
square  5:      16744 states (     267904 bytes)
square  6:      36419 states (     582704 bytes)
square  7:      45204 states (     723264 bytes)
square  8:      36335 states (     581360 bytes)
square  9:      16609 states (     265744 bytes)
square 10:      20140 states (     322240 bytes)
square 11:      45184 states (     722944 bytes)
square 12:      56449 states (     903184 bytes)
square 13:      44925 states (     718800 bytes)
square 14:      19873 states (     317968 bytes)
square 15:      16599 states (     265584 bytes)
square 16:      36141 states (     578256 bytes)
square 17:      44622 states (     713952 bytes)
square 18:      35883 states (     574128 bytes)
square 19:      16369 states (     261904 bytes)
square 20:       8178 states (     130848 bytes)
square 21:      16432 states (     262912 bytes)
square 22:      19652 states (     314432 bytes)
square 23:      16336 states (     261376 bytes)
square 24:       8112 states (     129792 bytes)
writing moribund state tables...
finite state machine successfully written

/srv/pdb/loops/16.fsm
loading finite state machine...
adding moribund states...
    1:                41708 ( 1.73%)
    2:                13828 ( 0.57%)
    3:                 3380 ( 0.14%)
    4:                 2323 ( 0.10%)
    5:                   66 ( 0.00%)
    6:                   21 ( 0.00%)
    7:                    0 ( 0.00%)
total:                61326 ( 2.55%)
other:              2344310 (97.45%)
writing finite state machine...
square  0:      33982 states (     543712 bytes)
square  1:      65901 states (    1054416 bytes)
square  2:      76740 states (    1227840 bytes)
square  3:      66081 states (    1057296 bytes)
square  4:      34011 states (     544176 bytes)
square  5:      65920 states (    1054720 bytes)
square  6:     140042 states (    2240672 bytes)
square  7:     169915 states (    2718640 bytes)
square  8:     140228 states (    2243648 bytes)
square  9:      65579 states (    1049264 bytes)
square 10:      76298 states (    1220768 bytes)
square 11:     169624 states (    2713984 bytes)
square 12:     208276 states (    3332416 bytes)
square 13:     169380 states (    2710080 bytes)
square 14:      75427 states (    1206832 bytes)
square 15:      65522 states (    1048352 bytes)
square 16:     139497 states (    2231952 bytes)
square 17:     168221 states (    2691536 bytes)
square 18:     139089 states (    2225424 bytes)
square 19:      64812 states (    1036992 bytes)
square 20:      33657 states (     538512 bytes)
square 21:      64807 states (    1036912 bytes)
square 22:      74378 states (    1190048 bytes)
square 23:      64655 states (    1034480 bytes)
square 24:      33593 states (     537488 bytes)
writing moribund state tables...
finite state machine successfully written

/srv/pdb/loops/17.fsm
loading finite state machine...
adding moribund states...
    1:                53131 ( 1.68%)
    2:                18989 ( 0.60%)
    3:                 4551 ( 0.14%)
    4:                 2989 ( 0.09%)
    5:                  166 ( 0.01%)
    6:                   52 ( 0.00%)
    7:                    5 ( 0.00%)
    8:                    1 ( 0.00%)
    9:                    0 ( 0.00%)
total:                79884 ( 2.52%)
other:              3091520 (97.48%)
writing finite state machine...
square  0:      42270 states (     676320 bytes)
square  1:      84824 states (    1357184 bytes)
square  2:     101408 states (    1622528 bytes)
square  3:      85069 states (    1361104 bytes)
square  4:      42315 states (     677040 bytes)
square  5:      85204 states (    1363264 bytes)
square  6:     184367 states (    2949872 bytes)
square  7:     227492 states (    3639872 bytes)
square  8:     184561 states (    2952976 bytes)
square  9:      84822 states (    1357152 bytes)
square 10:     101328 states (    1621248 bytes)
square 11:     227682 states (    3642912 bytes)
square 12:     282988 states (    4527808 bytes)
square 13:     227136 states (    3634176 bytes)
square 14:     100126 states (    1602016 bytes)
square 15:      84318 states (    1349088 bytes)
square 16:     184045 states (    2944720 bytes)
square 17:     226274 states (    3620384 bytes)
square 18:     183213 states (    2931408 bytes)
square 19:      83158 states (    1330528 bytes)
square 20:      41467 states (     663472 bytes)
square 21:      83703 states (    1339248 bytes)
square 22:      99172 states (    1586752 bytes)
square 23:      83307 states (    1332912 bytes)
square 24:      41154 states (     658464 bytes)
writing moribund state tables...
finite state machine successfully written

/srv/pdb/loops/18.fsm
loading finite state machine...
adding moribund states...
    1:               208960 ( 1.84%)
    2:                71369 ( 0.63%)
    3:                17091 ( 0.15%)
    4:                 9904 ( 0.09%)
    5:                 1005 ( 0.01%)
    6:                  376 ( 0.00%)
    7:                  201 ( 0.00%)
    8:                  297 ( 0.00%)
    9:                    9 ( 0.00%)
   10:                   22 ( 0.00%)
   11:                    0 ( 0.00%)
total:               309234 ( 2.72%)
other:             11065184 (97.28%)
writing finite state machine...
square  0:     163854 states (    2621664 bytes)
square  1:     315398 states (    5046368 bytes)
square  2:     367158 states (    5874528 bytes)
square  3:     316809 states (    5068944 bytes)
square  4:     164565 states (    2633040 bytes)
square  5:     315559 states (    5048944 bytes)
square  6:     657358 states (   10517728 bytes)
square  7:     792773 states (   12684368 bytes)
square  8:     659241 states (   10547856 bytes)
square  9:     314855 states (    5037680 bytes)
square 10:     364759 states (    5836144 bytes)
square 11:     791945 states (   12671120 bytes)
square 12:     963574 states (   15417184 bytes)
square 13:     791889 states (   12670224 bytes)
square 14:     361539 states (    5784624 bytes)
square 15:     314045 states (    5024720 bytes)
square 16:     657271 states (   10516336 bytes)
square 17:     788299 states (   12612784 bytes)
square 18:     655974 states (   10495584 bytes)
square 19:     311249 states (    4979984 bytes)
square 20:     162642 states (    2602272 bytes)
square 21:     312029 states (    4992464 bytes)
square 22:     357726 states (    5723616 bytes)
square 23:     311338 states (    4981408 bytes)
square 24:     162568 states (    2601088 bytes)
writing moribund state tables...
finite state machine successfully written

/srv/pdb/loops/19.fsm
loading finite state machine...
adding moribund states...
    1:               287787 ( 1.76%)
    2:               107268 ( 0.66%)
    3:                26402 ( 0.16%)
    4:                14113 ( 0.09%)
    5:                 1766 ( 0.01%)
    6:                  738 ( 0.00%)
    7:                  296 ( 0.00%)
    8:                  334 ( 0.00%)
    9:                   12 ( 0.00%)
   10:                   29 ( 0.00%)
   11:                    0 ( 0.00%)
total:               438745 ( 2.69%)
other:             15881126 (97.31%)
writing finite state machine...
square  0:     219910 states (    3518560 bytes)
square  1:     440490 states (    7047840 bytes)
square  2:     529231 states (    8467696 bytes)
square  3:     442613 states (    7081808 bytes)
square  4:     220766 states (    3532256 bytes)
square  5:     442276 states (    7076416 bytes)
square  6:     940867 states (   15053872 bytes)
square  7:    1156721 states (   18507536 bytes)
square  8:     943579 states (   15097264 bytes)
square  9:     441748 states (    7067968 bytes)
square 10:     528526 states (    8456416 bytes)
square 11:    1159115 states (   18545840 bytes)
square 12:    1431791 states (   22908656 bytes)
square 13:    1158400 states (   18534400 bytes)
square 14:     523988 states (    8383808 bytes)
square 15:     438926 states (    7022816 bytes)
square 16:     943912 states (   15102592 bytes)
square 17:    1157192 states (   18515072 bytes)
square 18:     940682 states (   15050912 bytes)
square 19:     434040 states (    6944640 bytes)
square 20:     215754 states (    3452064 bytes)
square 21:     437687 states (    7002992 bytes)
square 22:     521428 states (    8342848 bytes)
square 23:     435920 states (    6974720 bytes)
square 24:     214308 states (    3428928 bytes)
writing moribund state tables...
finite state machine successfully written

/srv/pdb/loops/2.fsm
loading finite state machine...
adding moribund states...
    1:                    0 ( 0.00%)
total:                    0 ( 0.00%)
other:                  106 (100.95%)
writing finite state machine...
square  0:          3 states (         48 bytes)
square  1:          4 states (         64 bytes)
square  2:          4 states (         64 bytes)
square  3:          4 states (         64 bytes)
square  4:          3 states (         48 bytes)
square  5:          4 states (         64 bytes)
square  6:          5 states (         80 bytes)
square  7:          5 states (         80 bytes)
square  8:          5 states (         80 bytes)
square  9:          4 states (         64 bytes)
square 10:          4 states (         64 bytes)
square 11:          5 states (         80 bytes)
square 12:          5 states (         80 bytes)
square 13:          5 states (         80 bytes)
square 14:          4 states (         64 bytes)
square 15:          4 states (         64 bytes)
square 16:          5 states (         80 bytes)
square 17:          5 states (         80 bytes)
square 18:          5 states (         80 bytes)
square 19:          4 states (         64 bytes)
square 20:          3 states (         48 bytes)
square 21:          4 states (         64 bytes)
square 22:          4 states (         64 bytes)
square 23:          4 states (         64 bytes)
square 24:          3 states (         48 bytes)
writing moribund state tables...
finite state machine successfully written

/srv/pdb/loops/20.fsm
loading finite state machine...
adding moribund states...
    1:              1060913 ( 1.98%)
    2:               376147 ( 0.70%)
    3:                91083 ( 0.17%)
    4:                47860 ( 0.09%)
    5:                 7927 ( 0.01%)
    6:                 2875 ( 0.01%)
    7:                 1399 ( 0.00%)
    8:                 1059 ( 0.00%)
    9:                  298 ( 0.00%)
   10:                  448 ( 0.00%)
   11:                   10 ( 0.00%)
   12:                    0 ( 0.00%)
total:              1590019 ( 2.96%)
other:             52058644 (97.04%)
writing finite state machine...
square  0:     790042 states (   12640672 bytes)
square  1:    1504219 states (   24067504 bytes)
square  2:    1737970 states (   27807520 bytes)
square  3:    1511956 states (   24191296 bytes)
square  4:     794746 states (   12715936 bytes)
square  5:    1504978 states (   24079648 bytes)
square  6:    3091677 states (   49466832 bytes)
square  7:    3696028 states (   59136448 bytes)
square  8:    3103362 states (   49653792 bytes)
square  9:    1504406 states (   24070496 bytes)
square 10:    1725428 states (   27606848 bytes)
square 11:    3693933 states (   59102928 bytes)
square 12:    4461985 states (   71391760 bytes)
square 13:    3699299 states (   59188784 bytes)
square 14:    1713065 states (   27409040 bytes)
square 15:    1497771 states (   23964336 bytes)
square 16:    3097568 states (   49561088 bytes)
square 17:    3688178 states (   59010848 bytes)
square 18:    3095668 states (   49530688 bytes)
square 19:    1486983 states (   23791728 bytes)
square 20:     783941 states (   12543056 bytes)
square 21:    1492381 states (   23878096 bytes)
square 22:    1698992 states (   27183872 bytes)
square 23:    1489902 states (   23838432 bytes)
square 24:     784184 states (   12546944 bytes)
writing moribund state tables...
finite state machine successfully written

/srv/pdb/loops/21.fsm
loading finite state machine...
adding moribund states...
    1:              1581901 ( 1.91%)
    2:               616570 ( 0.74%)
    3:               158088 ( 0.19%)
    4:                76858 ( 0.09%)
    5:                14895 ( 0.02%)
    6:                 5688 ( 0.01%)
    7:                 2685 ( 0.00%)
    8:                 1799 ( 0.00%)
    9:                  696 ( 0.00%)
   10:                  541 ( 0.00%)
   11:                   32 ( 0.00%)
   12:                    0 ( 0.00%)
total:              2459753 ( 2.97%)
other:             80420950 (97.03%)
writing finite state machine...
square  0:    1132652 states (   18122432 bytes)
square  1:    2252986 states (   36047776 bytes)
square  2:    2698383 states (   43174128 bytes)
square  3:    2265084 states (   36241344 bytes)
square  4:    1139206 states (   18227296 bytes)
square  5:    2265445 states (   36247120 bytes)
square  6:    4756034 states (   76096544 bytes)
square  7:    5814368 states (   93029888 bytes)
square  8:    4774507 states (   76392112 bytes)
square  9:    2268254 states (   36292064 bytes)
square 10:    2700508 states (   43208128 bytes)
square 11:    5832068 states (   93313088 bytes)
square 12:    7164086 states (  114625376 bytes)
square 13:    5837792 states (   93404672 bytes)
square 14:    2685463 states (   42967408 bytes)
square 15:    2250481 states (   36007696 bytes)
square 16:    4785618 states (   76569888 bytes)
square 17:    5842220 states (   93475520 bytes)
square 18:    4777376 states (   76438016 bytes)
square 19:    2231937 states (   35710992 bytes)
square 20:    1114012 states (   17824192 bytes)
square 21:    2254174 states (   36066784 bytes)
square 22:    2682609 states (   42921744 bytes)
square 23:    2247119 states (   35953904 bytes)
square 24:    1108320 states (   17733120 bytes)
writing moribund state tables...
finite state machine successfully written

/srv/pdb/loops/22.fsm
loading finite state machine...
adding moribund states...
    1:              5313878 ( 2.11%)
    2:              1966124 ( 0.78%)
    3:               500494 ( 0.20%)
    4:               244639 ( 0.10%)
    5:                55547 ( 0.02%)
    6:                20821 ( 0.01%)
    7:                10855 ( 0.00%)
    8:                 8359 ( 0.00%)
    9:                 3131 ( 0.00%)
   10:                 2649 ( 0.00%)
   11:                  828 ( 0.00%)
   12:                  215 ( 0.00%)
   13:                   16 ( 0.00%)
   14:                    4 ( 0.00%)
   15:                    0 ( 0.00%)
total:              8127560 ( 3.23%)
other:            243132193 (96.77%)
writing finite state machine...
square  0:    3737399 states (   59798384 bytes)
square  1:    7087034 states (  113392544 bytes)
square  2:    8174985 states (  130799760 bytes)
square  3:    7123200 states (  113971200 bytes)
square  4:    3761039 states (   60176624 bytes)
square  5:    7096242 states (  113539872 bytes)
square  6:   14450863 states (  231213808 bytes)
square  7:   17197138 states (  275154208 bytes)
square  8:   14504354 states (  232069664 bytes)
square  9:    7097047 states (  113552752 bytes)
square 10:    8117944 states (  129887104 bytes)
square 11:   17191587 states (  275065392 bytes)
square 12:   20655466 states (  330487456 bytes)
square 13:   17227344 states (  275637504 bytes)
square 14:    8068060 states (  129088960 bytes)
square 15:    7056217 states (  112899472 bytes)
square 16:   14488962 states (  231823392 bytes)
square 17:   17198912 states (  275182592 bytes)
square 18:   14489421 states (  231830736 bytes)
square 19:    7012776 states (  112204416 bytes)
square 20:    3703616 states (   59257856 bytes)
square 21:    7049986 states (  112799776 bytes)
square 22:    8022957 states (  128367312 bytes)
square 23:    7041258 states (  112660128 bytes)
square 24:    3705945 states (   59295120 bytes)
writing moribund state tables...
finite state machine successfully written

/srv/pdb/loops/23.fsm
loading finite state machine...
adding moribund states...
    1:              8531404 ( 2.05%)
    2:              3476316 ( 0.84%)
    3:               953607 ( 0.23%)
    4:               433776 ( 0.10%)
    5:               110203 ( 0.03%)
    6:                42420 ( 0.01%)
    7:                22338 ( 0.01%)
    8:                15501 ( 0.00%)
    9:                 6756 ( 0.00%)
   10:                 5279 ( 0.00%)
   11:                 2949 ( 0.00%)
   12:                  716 ( 0.00%)
   13:                  107 ( 0.00%)
   14:                   45 ( 0.00%)
   15:                    1 ( 0.00%)
   16:                    0 ( 0.00%)
total:             13601418 ( 3.27%)
other:            402100516 (96.73%)
writing finite state machine...
square  0:    5731581 states (   91705296 bytes)
square  1:   11377411 states (  182038576 bytes)
square  2:   13620460 states (  217927360 bytes)
square  3:   11438710 states (  183019360 bytes)
square  4:    5767129 states (   92274064 bytes)
square  5:   11451147 states (  183218352 bytes)
square  6:   23775253 states (  380404048 bytes)
square  7:   28939994 states (  463039904 bytes)
square  8:   23866574 states (  381865184 bytes)
square  9:   11473298 states (  183572768 bytes)
square 10:   13643477 states (  218295632 bytes)
square 11:   29041458 states (  464663328 bytes)
square 12:   35503749 states (  568059984 bytes)
square 13:   29087075 states (  465393200 bytes)
square 14:   13589478 states (  217431648 bytes)
square 15:   11372819 states (  181965104 bytes)
square 16:   23950827 states (  383213232 bytes)
square 17:   29151580 states (  466425280 bytes)
square 18:   23927054 states (  382832864 bytes)
square 19:   11299051 states (  180784816 bytes)
square 20:    5636175 states (   90178800 bytes)
square 21:   11426767 states (  182828272 bytes)
square 22:   13618407 states (  217894512 bytes)
square 23:   11398841 states (  182381456 bytes)
square 24:    5613618 states (   89817888 bytes)
writing moribund state tables...
finite state machine successfully written

/srv/pdb/loops/24.fsm
loading finite state machine...
adding moribund states...
    1:             26580256 ( 2.26%)
    2:             10340906 ( 0.88%)
    3:              2798921 ( 0.24%)
    4:              1297038 ( 0.11%)
    5:               371854 ( 0.03%)
    6:               145317 ( 0.01%)
    7:                77036 ( 0.01%)
    8:                57468 ( 0.00%)
    9:                24166 ( 0.00%)
   10:                22585 ( 0.00%)
   11:                13506 ( 0.00%)
   12:                 6151 ( 0.00%)
   13:                 1646 ( 0.00%)
   14:                 1227 ( 0.00%)
   15:                  749 ( 0.00%)
   16:                  635 ( 0.00%)
   17:                  181 ( 0.00%)
   18:                    0 ( 0.00%)
total:             41739642 ( 3.55%)
other:           1134877128 (96.45%)
writing finite state machine...
square  0:   17606664 states (  281706624 bytes)
square  1:   33358263 states (  533732208 bytes)
square  2:   38484929 states (  615758864 bytes)
square  3:   33522076 states (  536353216 bytes)
square  4:   17717445 states (  283479120 bytes)
square  5:   33428287 states (  534852592 bytes)
square  6:   67508722 states ( 1080139552 bytes)
square  7:   80114160 states ( 1281826560 bytes)
square  8:   67741132 states ( 1083858112 bytes)
square  9:   33438450 states (  535015200 bytes)
square 10:   38227593 states (  611641488 bytes)
square 11:   80113478 states ( 1281815648 bytes)
square 12:   95932410 states ( 1534918560 bytes)
square 13:   80288578 states ( 1284617248 bytes)
square 14:   38020641 states (  608330256 bytes)
square 15:   33193515 states (  531096240 bytes)
square 16:   67702448 states ( 1083239168 bytes)
square 17:   80245519 states ( 1283928304 bytes)
square 18:   67734941 states ( 1083759056 bytes)
square 19:   33023093 states (  528369488 bytes)
square 20:   17412040 states (  278592640 bytes)
square 21:   33247522 states (  531960352 bytes)
square 22:   37902593 states (  606441488 bytes)
square 23:   33220204 states (  531523264 bytes)
square 24:   17432066 states (  278913056 bytes)
writing moribund state tables...
finite state machine successfully written

/srv/pdb/loops/6.fsm
loading finite state machine...
adding moribund states...
    1:                    8 ( 1.17%)
    2:                    0 ( 0.00%)
total:                    8 ( 1.17%)
other:                  674 (98.97%)
writing finite state machine...
square  0:         12 states (        192 bytes)
square  1:         22 states (        352 bytes)
square  2:         22 states (        352 bytes)
square  3:         22 states (        352 bytes)
square  4:         12 states (        192 bytes)
square  5:         22 states (        352 bytes)
square  6:         41 states (        656 bytes)
square  7:         41 states (        656 bytes)
square  8:         41 states (        656 bytes)
square  9:         22 states (        352 bytes)
square 10:         22 states (        352 bytes)
square 11:         41 states (        656 bytes)
square 12:         41 states (        656 bytes)
square 13:         41 states (        656 bytes)
square 14:         22 states (        352 bytes)
square 15:         22 states (        352 bytes)
square 16:         41 states (        656 bytes)
square 17:         41 states (        656 bytes)
square 18:         41 states (        656 bytes)
square 19:         22 states (        352 bytes)
square 20:         12 states (        192 bytes)
square 21:         22 states (        352 bytes)
square 22:         22 states (        352 bytes)
square 23:         22 states (        352 bytes)
square 24:         12 states (        192 bytes)
writing moribund state tables...
finite state machine successfully written

/srv/pdb/loops/8.fsm
loading finite state machine...
adding moribund states...
    1:                   24 ( 0.70%)
    2:                    0 ( 0.00%)
total:                   24 ( 0.70%)
other:                 3382 (99.32%)
writing finite state machine...
square  0:         34 states (        544 bytes)
square  1:         84 states (       1344 bytes)
square  2:        105 states (       1680 bytes)
square  3:         84 states (       1344 bytes)
square  4:         34 states (        544 bytes)
square  5:         84 states (       1344 bytes)
square  6:        199 states (       3184 bytes)
square  7:        260 states (       4160 bytes)
square  8:        199 states (       3184 bytes)
square  9:         84 states (       1344 bytes)
square 10:        105 states (       1680 bytes)
square 11:        260 states (       4160 bytes)
square 12:        341 states (       5456 bytes)
square 13:        260 states (       4160 bytes)
square 14:        105 states (       1680 bytes)
square 15:         84 states (       1344 bytes)
square 16:        199 states (       3184 bytes)
square 17:        260 states (       4160 bytes)
square 18:        199 states (       3184 bytes)
square 19:         84 states (       1344 bytes)
square 20:         34 states (        544 bytes)
square 21:         84 states (       1344 bytes)
square 22:        105 states (       1680 bytes)
square 23:         84 states (       1344 bytes)
square 24:         34 states (        544 bytes)
writing moribund state tables...
finite state machine successfully written

