desc: I1 cache:         32768 B, 64 B, 8-way associative
desc: D1 cache:         32768 B, 64 B, 8-way associative
desc: LL cache:         8388608 B, 64 B, 16-way associative
cmd: ./genpdb -f /dev/null -t 1,2,5,6,7,10,11
events: Ir I1mr ILmr Dr D1mr DLmr Dw D1mw DLmw 
fl=/home/fuz/src/repo/24puzzle/./builtins.h
fn=compute_index
67 447720134411 0 0 0 0 0 0 0 0
85 284912812807 0 0 0 0 0 0 0 0
134 40701830401 0 0 0 0 0 0 0 0
fn=generate_cohort
67 28842000 0 0 0 0 0 0 0 0
134 40701830400 0 0 0 0 0 0 0 0
fn=generate_moves
85 117547680 0 0 0 0 0 0 0 0
fn=invert_index_map
67 9614000 0 0 0 0 0 0 0 0
fn=invert_index_rest
67 2422728000 0 0 0 0 0 0 0 0
85 33918192000 0 0 0 0 0 0 0 0
115 36340920000 0 0 0 0 0 0 0 0
134 2422728000 0 0 0 0 0 0 0 0
fn=main
67 1 0 0 0 0 0 0 0 0
fn=make_index_aux
67 2 0 0 0 0 0 0 0 0
85 7 0 0 0 0 0 0 0 0
fn=tileset_unrank_init
85 480700 0 0 0 0 0 0 0 0
fl=/home/fuz/src/repo/24puzzle/./index.h
fn=generate_cohort
107 96140000 0 0 38456000 0 0 0 0 0
108 19228000 1 1 0 0 0 19228000 0 0
148 38456000 0 0 9614000 0 0 9614000 0 0
149 9614000 0 0 9614000 0 0 0 0 0
fl=/home/fuz/src/repo/24puzzle/./pdb.h
fn=generate_cohort
81 329250398400 1 1 247846737600 66380466 9499938 0 0 0
82 170560051200 1 1 81403660800 0 0 0 0 0
94 96909120000 0 0 48454560000 993769624 759505999 0 0 0
121 14536368000 1 1 0 0 0 0 0 0
125 122105491200 0 0 40701830400 6163377411 1887662378 0 0 0
126 6058483199 0 0 0 0 0 2422727999 0 0
fn=pdb_allocate
136 2403500 0 0 961400 35 20 0 0 0
fn=pdb_clear
136 2403500 1 1 961400 0 0 0 0 0
fn=pdb_generate
81 3 0 0 2 1 1 0 0 0
113 5 1 1 0 0 0 1 1 1
fn=pdb_store
136 2403500 0 0 961400 1 1 0 0 0
fl=/home/fuz/src/repo/24puzzle/./puzzle.h
fn=generate_cohort
50 122105491200 1 1 40701830400 0 0 0 0 0
63 162807321600 1 1 162807321600 0 0 0 0 0
66 162807321600 0 0 0 0 0 162807321600 0 0
67 162807321600 0 0 0 0 0 162807321600 0 0
69 162807321600 0 0 0 0 0 162807321600 0 0
70 81403660800 0 0 0 0 0 81403660800 0 0
fl=/home/fuz/src/repo/24puzzle/./tileset.h
fn=compute_index
49 773334777619 0 0 0 0 0 0 0 0
76 162807321604 1 1 0 0 0 0 0 0
95 284912812807 0 0 0 0 0 0 0 0
114 447720134411 0 0 0 0 0 0 0 0
123 81403660802 0 0 0 0 0 0 0 0
202 81403660802 1 1 0 0 0 0 0 0
204 162807321604 0 0 81403660802 164461019 181220 0 0 0
205 81403660802 0 0 40701830401 73396983 11911 0 0 0
fn=generate_cohort
85 48070000 0 0 9614000 0 0 0 0 0
133 57684000 1 1 19228000 1222382 1201561 0 0 0
218 105754000 1 1 28842000 143448 46 19228000 0 0
219 4 0 0 2 1 0 1 1 1
221 9614000 0 0 9614000 0 0 0 0 0
fn=generate_moves
76 28842000 0 0 0 0 0 0 0 0
85 19228000 1 1 0 0 0 0 0 0
95 117547680 0 0 0 0 0 0 0 0
152 124982000 1 1 0 0 0 0 0 0
fn=invert_index_map
49 19228000 0 0 0 0 0 0 0 0
85 394174000 1 1 0 0 0 0 0 0
95 346104000 0 0 0 0 0 0 0 0
218 28842000 0 0 9614000 0 0 0 0 0
221 9614000 0 0 9614000 0 0 0 0 0
fn=invert_index_rest
49 19381824000 0 0 0 0 0 0 0 0
95 16959096000 0 0 0 0 0 0 0 0
218 7268184000 0 0 2422728000 8273416 216 0 0 0
221 2422728000 0 0 2422728000 12597574 0 0 0 0
fn=make_index_aux
76 5 0 0 0 0 0 0 0 0
95 7 0 0 0 0 0 0 0 0
103 2 0 0 0 0 0 0 0 0
133 2 1 1 0 0 0 0 0 0
fn=tileset_parse
40 7 0 0 0 0 0 0 0 0
fn=tileset_unrank_init
232 961400 0 0 0 0 0 0 0 0
234 2884200 0 0 0 0 0 0 0 0
fl=/home/fuz/src/repo/24puzzle/cmd/genpdb.c
fn=main
23 9 1 1 0 0 0 5 0 0
25 4 0 0 0 0 0 1 0 0
30 28 1 1 0 0 0 3 0 0
33 2 0 0 1 0 0 0 0 0
47 5 0 0 1 0 0 1 0 0
59 3 1 1 1 0 0 0 0 0
65 2 1 1 0 0 0 0 0 0
66 4 0 0 0 0 0 1 0 0
67 4 0 0 1 0 0 0 0 0
73 2 0 0 0 0 0 1 0 0
74 2 0 0 0 0 0 0 0 0
79 4 2 2 1 0 0 1 0 0
81 7 0 0 0 0 0 1 0 0
86 4 0 0 0 0 0 1 0 0
92 8 1 1 6 1 1 0 0 0
fl=/home/fuz/src/repo/24puzzle/index.c
fn=compute_index
53 40701830401 0 0 40701830401 7717978 248 0 0 0
58 81403660802 0 0 0 0 0 0 0 0
59 81403660802 0 0 0 0 0 0 0 0
60 40701830401 0 0 0 0 0 0 0 0
63 40701830401 0 0 0 0 0 0 0 0
124 40701830401 0 0 40701830401 1 1 0 0 0
129 773334777619 0 0 0 0 0 0 0 0
131 488421964812 1 1 0 0 0 0 0 0
132 244210982406 0 0 244210982406 0 0 0 0 0
133 488421964812 0 0 0 0 0 0 0 0
148 81403660802 1 1 0 0 0 40701830401 0 0
149 203509152005 1 1 122105491203 1 1 81403660802 0 0
151 40701830401 0 0 0 0 0 40701830401 1301780 8165
152 81403660802 0 0 40701830401 0 0 0 0 0
153 81403660802 1 1 0 0 0 40701830401 0 0
155 81403660802 0 0 40701830401 0 0 0 0 0
156 40701830401 0 0 0 0 0 40701830401 723377 226
159 203509152005 0 0 162807321604 0 0 0 0 0
fn=invert_index_map
182 519156000 0 0 0 0 0 0 0 0
184 173052000 0 0 0 0 0 173052000 0 0
186 173052000 0 0 0 0 0 173052000 0 0
223 67298000 0 0 0 0 0 48070000 113534 37
224 9614000 1 1 9614000 0 0 0 0 0
225 9614000 0 0 9614000 0 0 0 0 0
227 28842000 0 0 0 0 0 19228000 3786 22
229 67298000 1 1 57684000 0 0 0 0 0
fn=invert_index_rest
203 29072736000 1 1 0 0 0 0 0 0
204 14536368000 0 0 0 0 0 0 0 0
205 33918192000 0 0 0 0 0 0 0 0
209 16959096000 1 1 0 0 0 16959096000 7311176 265
211 16959096000 1 1 0 0 0 16959096000 7455255 321
239 26650008000 0 0 0 0 0 16959096000 6493576 233
240 2422728000 0 0 2422728000 0 0 0 0 0
241 2422728000 0 0 2422728000 0 0 0 0 0
243 9690912000 1 1 2422728000 0 0 0 0 0
244 2422728000 0 0 2422728000 0 0 0 0 0
246 4845456000 1 1 2422728000 0 0 0 0 0
248 21804552000 1 1 16959096000 0 0 0 0 0
fn=make_index_aux
53 1 0 0 1 0 0 0 0 0
58 2 0 0 0 0 0 0 0 0
59 2 0 0 0 0 0 0 0 0
60 1 0 0 0 0 0 0 0 0
63 1 0 0 0 0 0 0 0 0
275 4 0 0 0 0 0 0 0 0
309 9 1 1 0 0 0 6 0 0
313 1 1 1 0 0 0 1 0 0
314 1 0 0 0 0 0 1 0 0
315 2 0 0 1 1 1 1 0 0
316 2 0 0 1 1 1 1 0 0
319 2 0 0 0 0 0 1 0 0
320 31 1 1 3 1 1 0 0 0
321 14 0 0 0 0 0 7 0 0
323 1 0 0 0 0 0 1 0 0
324 1 1 1 0 0 0 1 0 0
325 9 0 0 7 0 0 0 0 0
fl=/home/fuz/src/repo/24puzzle/moves.c
fn=generate_moves
19 352643040 0 0 0 0 0 0 0 0
24 1368437760 1 1 456145920 7992077 775 0 0 0
27 773886720 1 1 386943360 0 0 386943360 3092821 213
28 161515200 0 0 0 0 0 161515200 640379 3469
29 341200860 0 0 0 0 0 161515200 0 0
34 19228000 0 0 0 0 0 0 0 0
35 9614000 0 0 9614000 0 0 0 0 0
fl=/home/fuz/src/repo/24puzzle/parallel.c
fn=pdb_iterate_parallel
53 360 1 1 0 0 0 240 0 0
57 120 0 0 40 1 1 0 0 0
59 80 1 1 80 0 0 0 0 0
65 96140240 0 0 38456080 2855269 168 0 0 0
66 19228000 0 0 0 0 0 19228000 1 1
67 19228000 0 0 0 0 0 19228000 0 0
68 19228000 0 0 0 0 0 19228000 0 0
69 57684000 1 1 19228000 0 0 19228000 0 0
111 320 1 1 280 40 40 0 0 0
fl=/home/fuz/src/repo/24puzzle/pdb.c
fn=pdb_allocate
23 10 1 1 0 0 0 6 0 0
28 2 0 0 0 0 0 1 0 0
29 5 1 1 1 0 0 1 0 0
30 2 0 0 0 0 0 0 0 0
33 4 0 0 2 0 0 2 1 1
34 1 0 0 0 0 0 1 0 0
37 6 0 0 0 0 0 2 0 0
39 1922806 2 2 0 0 0 0 0 0
40 961400 0 0 0 0 0 961400 60107 1560
41 961400 0 0 0 0 0 0 0 0
48 9 1 1 7 2 2 0 0 0
fn=pdb_clear
74 7 1 1 0 0 0 5 0 0
75 3 1 1 1 0 0 0 0 0
77 721058 2 2 0 0 0 0 0 0
78 1682450 0 0 480700 60088 60032 480700 0 0
80 6 0 0 6 1 1 0 0 0
fn=pdb_store
123 10 2 2 0 0 0 8 0 0
124 6 0 0 1 0 0 0 0 0
126 1922801 0 0 0 0 0 0 0 0
128 2403500 1 1 961400 60088 60088 480700 0 0
129 961400 0 0 0 0 0 0 0 0
139 8 0 0 7 1 1 0 0 0
fl=/home/fuz/src/repo/24puzzle/pdbgen.c
fn=generate_cohort
27 177340363200 1 1 8477884800 0 0 0 0 0
28 81403660800 0 0 40701830400 23207609 434 0 0 0
29 40701830400 0 0 40701830400 0 0 0 0 0
31 203509152000 0 0 81403660800 0 0 40701830400 0 0
34 40701830400 0 0 40701830400 0 0 0 0 0
38 59234868000 0 0 0 0 0 0 0 0
58 192280000 1 1 0 0 0 134596000 3 2
61 19228000 0 0 19228000 0 0 0 0 0
65 38456000 0 0 38456000 1 0 0 0 0
66 19228000 0 0 19228000 0 0 0 0 0
74 115368000 0 0 19228000 1 1 0 0 0
77 19228000 0 0 0 0 0 9614000 35 1
79 163438000 1 1 38456000 136 1 48070000 0 0
80 38456000 1 1 0 0 0 9614000 0 0
81 484651354000 2 2 242282414000 11889328 1209524 48483402000 0 0
82 96909120000 1 1 0 0 0 0 0 0
83 2422728000 0 0 0 0 0 0 0 0
84 33918192000 1 1 9690912000 7104908 289 4845456000 3602203 451
89 19228000 0 0 28842000 3126483 202 0 0 0
90 153824000 0 0 134596000 2135 44 0 0 0
fn=pdb_generate
102 7 1 1 0 0 0 3 0 0
106 1 0 0 0 0 0 1 0 0
107 1 0 0 0 0 0 1 0 0
108 1 1 1 0 0 0 1 0 0
110 2 0 0 0 0 0 1 0 0
111 5 0 0 2 0 0 1 0 0
115 80 0 0 80 1 1 0 0 0
116 40 0 0 40 0 0 0 0 0
117 80 0 0 0 0 0 40 0 0
119 280 0 0 80 0 0 40 0 0
120 121 1 1 40 0 0 0 0 0
122 6 0 0 5 0 0 0 0 0
fl=/home/fuz/src/repo/24puzzle/rank.c
fn=tileset_unrank_init
58 5 1 1 0 0 0 3 1 1
59 1 0 0 1 1 1 0 0 0
62 2 0 0 0 0 0 1 0 0
63 2 0 0 0 0 0 0 0 0
68 1442105 0 0 0 0 0 0 0 0
69 480700 1 1 0 0 0 480700 30044 30044
71 1 0 0 0 0 0 1 1 0
72 4 0 0 4 2 0 0 0 0
fl=/home/fuz/src/repo/24puzzle/tileset.c
fn=tileset_parse
88 9 1 1 0 0 0 6 0 0
91 2 0 0 0 0 0 1 0 0
94 23 1 1 0 0 0 7 0 0
95 20 0 0 0 0 0 0 0 0
98 7 0 0 7 0 0 0 0 0
100 28 1 1 14 0 0 0 0 0
106 12 0 0 0 0 0 6 0 0
110 8 0 0 6 0 0 0 0 0
fl=???
fn=(below main)
0 90 5 5 12 2 0 12 1 0
fn=???
0 214748856 1582 1485 60704652 92924 80162 24767050 132023 129525
fn=__cxa_finalize
0 273 9 9 108 1 1 46 1 1
fn=__cxa_thread_call_dtors
0 28 3 3 12 0 0 9 0 0
fn=__do_global_ctors_aux
0 11 2 2 4 0 0 3 0 0
fn=__do_global_dtors_aux
0 13 1 1 5 1 1 2 0 0
fn=__error
0 20 2 1 10 3 1 5 0 0
fn=__fillcontextx2
0 29 2 2 9 0 0 7 0 0
fn=__getcontextx_size
0 21 2 2 4 1 0 3 0 0
fn=__libc_interposing_slot
0 294 1 1 84 0 0 42 0 0
fn=__runes_for_locale
0 84 1 1 35 2 0 14 0 0
fn=__set_error_selector
0 5 0 0 2 0 0 2 0 0
fn=__sysctl
0 35 2 2 7 0 0 0 0 0
fn=__tls_get_addr
0 9 1 1 4 1 1 1 0 0
fn=_close
0 5 1 1 1 0 0 0 0 0
fn=_exit
0 3 1 1 0 0 0 0 0 0
fn=_malloc_postfork
0 431 5 5 144 0 0 11 0 0
fn=_malloc_prefork
0 1703 10 10 531 4 0 17 0 0
fn=_open
0 5 0 0 1 0 0 0 0 0
fn=_r_debug_postinit
0 4 1 1 2 0 0 1 0 0
fn=_rtld_addr_phdr
0 231 5 5 84 5 5 42 0 0
fn=_rtld_atfork_post
0 11 1 1 3 0 0 2 0 0
fn=_rtld_atfork_pre
0 15 3 3 6 0 0 5 0 0
fn=_rtld_error
0 27 3 3 3 0 0 13 1 0
fn=_rtld_get_stack_prot
0 5 1 1 3 0 0 1 0 0
fn=_rtld_is_dlopened
0 95 4 4 25 6 0 7 0 0
fn=_rtld_thread_init
0 161 14 7 58 2 0 55 0 0
fn=_sigaction
0 5 1 1 1 0 0 0 0 0
fn=_sigprocmask
0 15 1 1 3 0 0 0 0 0
fn=_write
0 2957635 1 1 591527 0 0 0 0 0
fn=amd64_set_fsbase
0 18 1 1 7 0 0 5 0 0
fn=atexit
0 20 2 2 7 0 0 7 0 0
fn=calloc
0 213 11 11 78 11 2 26 0 0
fn=exit
0 16 2 2 2 1 1 8 1 1
fn=fclose
0 25 2 2 9 0 0 6 0 0
fn=fopen
0 55 4 4 16 3 0 16 0 0
fn=fprintf
0 1600 4 4 480 200 200 560 39 39
fn=frame_dummy
0 6 1 1 3 1 0 1 0 0
fn=free
0 39 3 3 18 5 5 6 0 0
fn=fstat
0 5 2 2 1 0 0 0 0 0
fn=fwrite
0 26919201 5 5 7691200 1 1 6249101 0 0
fn=getcontext
0 7 1 1 1 0 0 0 0 0
fn=getenv
0 3810 9 6 483 16 5 330 0 0
fn=getopt
0 182 7 7 66 5 0 42 0 0
fn=getpagesize
0 26 4 4 9 1 1 4 0 0
fn=getpid
0 5 2 2 1 0 0 0 0 0
fn=getrlimit
0 5 1 1 1 0 0 0 0 0
fn=index
0 43 2 2 10 1 1 2 0 0
fn=ioctl
0 4 1 1 0 0 0 0 0 0
fn=isatty
0 21 2 2 7 0 0 4 0 0
fn=issetugid
0 5 1 1 1 0 0 0 0 0
fn=localeconv_l
0 820 6 6 274 45 45 144 2 2
fn=malloc
0 47023899 18 18 14571598 63 17 4376722 3 2
fn=memcmp
0 58368 1 1 35264 966 4 0 0 0
fn=memcpy
0 257610331 2 2 246115627 30847481 30847464 245157735 82 64
fn=memmove
0 86 1 1 26 2 0 21 0 0
fn=memset
0 319429293 2 2 600937 1 0 304285730 38095191 38095191
fn=mmap
0 10155 3 1 2031 0 0 0 0 0
fn=mprotect
0 5 1 1 1 0 0 0 0 0
fn=munmap
0 8140 2 1 1628 0 0 0 0 0
fn=r_debug_state
0 4 0 0 2 0 0 1 0 0
fn=readlink
0 4 1 1 0 0 0 0 0 0
fn=rtprio_thread
0 5 2 2 1 0 0 0 0 0
fn=strlen
0 104 3 3 19 2 2 2 0 0
fn=strncmp
0 4238 2 2 1186 17 0 282 0 0
fn=strtol
0 154 2 2 49 3 1 35 0 0
fn=strtol_l
0 974 9 9 128 2 2 77 0 0
fn=sysarch
0 9 1 1 1 0 0 0 0 0
fn=syscall
0 5 1 1 1 0 0 0 0 0
fn=sysconf
0 65 6 6 13 1 1 12 0 0
fn=sysctl
0 222 6 5 54 0 0 54 0 0
fn=sysctlbyname
0 80 3 3 24 2 0 20 0 0
fn=sysctlnametomib
0 70 2 2 24 0 0 18 0 0
fn=tcgetattr
0 8 1 1 1 0 0 1 0 0
fn=thr_self
0 5 1 1 1 0 0 0 0 0
fn=vfprintf_l
0 1720 3 3 480 120 120 320 39 39
summary: 9149250950259 1884 1772 1935595293122 7578580419 2690323193 963404806723 69055465 38269878
