1:

2:
    0                     0
    1                     0
    2                     0
    3                     0
    4                     0
    5                     0
    6                     0
    7                     0
    8                     0
    9                     0
   10                     0
   11                     0
   12                     0
   13                     0
   14                     0
   15                     0
   16                     0
   17                     0
   18                     0
   19                     0
   20                     0
   21                     0
   22                     0
   23                     0
   24                     0
total                     0

3:
    0                     0
    1                     0
    2                     0
    3                     0
    4                     0
    5                     0
    6                     0
    7                     0
    8                     0
    9                     0
   10                     0
   11                     0
   12                     0
   13                     0
   14                     0
   15                     0
   16                     0
   17                     0
   18                     0
   19                     0
   20                     0
   21                     0
   22                     0
   23                     0
   24                     0
total                     0

4:
    0                     0
    1                     0
    2                     0
    3                     0
    4                     0
    5                     0
    6                     0
    7                     0
    8                     0
    9                     0
   10                     0
   11                     0
   12                     0
   13                     0
   14                     0
   15                     0
   16                     0
   17                     0
   18                     0
   19                     0
   20                     0
   21                     0
   22                     0
   23                     0
   24                     0
total                     0

5:
    0                     0
    1                     0
    2                     0
    3                     0
    4                     0
    5                     0
    6                     0
    7                     0
    8                     0
    9                     0
   10                     0
   11                     0
   12                     0
   13                     0
   14                     0
   15                     0
   16                     0
   17                     0
   18                     0
   19                     0
   20                     0
   21                     0
   22                     0
   23                     0
   24                     0
total                     0

6:
    0                     1
    1                     0
    2                     0
    3                     0
    4                     1
    5                     0
    6                     0
    7                     0
    8                     0
    9                     0
   10                     0
   11                     0
   12                     0
   13                     0
   14                     0
   15                     0
   16                     0
   17                     0
   18                     0
   19                     0
   20                     3
   21                     0
   22                     0
   23                     0
   24                     3
total                     8

7:
    0                     1
    1                     0
    2                     0
    3                     0
    4                     1
    5                     0
    6                     0
    7                     0
    8                     0
    9                     0
   10                     0
   11                     0
   12                     0
   13                     0
   14                     0
   15                     0
   16                     0
   17                     0
   18                     0
   19                     0
   20                     3
   21                     0
   22                     0
   23                     0
   24                     3
total                     8

8:
    0                     3
    1                     0
    2                     0
    3                     0
    4                     3
    5                     0
    6                     0
    7                     0
    8                     0
    9                     0
   10                     0
   11                     0
   12                     0
   13                     0
   14                     0
   15                     0
   16                     0
   17                     0
   18                     0
   19                     0
   20                     9
   21                     0
   22                     0
   23                     0
   24                     9
total                    24

9:
    0                     3
    1                     0
    2                     0
    3                     0
    4                     3
    5                     0
    6                     0
    7                     0
    8                     0
    9                     0
   10                     0
   11                     0
   12                     0
   13                     0
   14                     0
   15                     0
   16                     0
   17                     0
   18                     0
   19                     0
   20                     9
   21                     0
   22                     0
   23                     0
   24                     9
total                    24

10:
    0                    19
    1                     2
    2                     4
    3                     2
    4                    24
    5                     4
    6                     0
    7                     0
    8                     0
    9                     4
   10                     8
   11                     0
   12                     0
   13                     0
   14                     8
   15                     4
   16                     0
   17                     0
   18                     0
   19                     4
   20                    61
   21                     6
   22                    12
   23                     6
   24                    63
total                   231

11:
    0                    20
    1                     2
    2                     4
    3                     2
    4                    25
    5                     4
    6                     0
    7                     0
    8                     0
    9                     4
   10                     8
   11                     0
   12                     0
   13                     0
   14                     8
   15                     4
   16                     0
   17                     0
   18                     0
   19                     4
   20                    64
   21                     6
   22                    12
   23                     6
   24                    66
total                   239

12:
    0                   103
    1                    18
    2                    26
    3                    18
    4                   138
    5                    40
    6                     0
    7                     0
    8                     0
    9                    40
   10                    56
   11                     0
   12                     0
   13                     0
   14                    56
   15                    40
   16                     0
   17                     0
   18                     0
   19                    40
   20                   343
   21                    66
   22                    92
   23                    66
   24                   357
total                  1499

13:
    0                   119
    1                    20
    2                    28
    3                    20
    4                   165
    5                    43
    6                     0
    7                     0
    8                     0
    9                    44
   10                    59
   11                     0
   12                     0
   13                     0
   14                    60
   15                    43
   16                     0
   17                     0
   18                     0
   19                    44
   20                   386
   21                    72
   22                    98
   23                    72
   24                   408
total                  1681

14:
    0                   531
    1                    88
    2                   124
    3                    92
    4                   730
    5                   203
    6                    13
    7                    28
    8                    15
    9                   204
   10                   271
   11                    23
   12                    44
   13                    25
   14                   274
   15                   217
   16                    13
   17                    26
   18                    17
   19                   220
   20                  1797
   21                   376
   22                   460
   23                   380
   24                  1879
total                  8050

15:
    0                   627
    1                   103
    2                   149
    3                   108
    4                   879
    5                   238
    6                    13
    7                    30
    8                    17
    9                   249
   10                   325
   11                    23
   12                    46
   13                    27
   14                   341
   15                   256
   16                    13
   17                    26
   18                    17
   19                   271
   20                  2132
   21                   471
   22                   598
   23                   473
   24                  2247
total                  9679

16:
    0                  2625
    1                   424
    2                   585
    3                   456
    4                  3659
    5                   997
    6                   112
    7                   156
    8                   130
    9                  1050
   10                  1346
   11                   186
   12                   396
   13                   208
   14                  1440
   15                  1102
   16                   131
   17                   238
   18                   157
   19                  1180
   20                  9005
   21                  2025
   22                  2575
   23                  2067
   24                  9458
total                 41708

17:
    0                  3233
    1                   518
    2                   739
    3                   558
    4                  4568
    5                  1246
    6                   135
    7                   203
    8                   166
    9                  1374
   10                  1759
   11                   222
   12                   482
   13                   264
   14                  1952
   15                  1405
   16                   155
   17                   287
   18                   188
   19                  1557
   20                 11089
   21                  2762
   22                  3675
   23                  2809
   24                 11785
total                 53131

18:
    0                 12987
    1                  1983
    2                  2606
    3                  2183
    4                 18295
    5                  4750
    6                   636
    7                   902
    8                   730
    9                  5168
   10                  6272
   11                  1204
   12                  2368
   13                  1374
   14                  6985
   15                  5344
   16                   844
   17                  1663
   18                  1000
   19                  5903
   20                 44407
   21                 10417
   22                 13153
   23                 10664
   24                 47122
total                208960

19:
    0                 17131
    1                  2605
    2                  3666
    3                  2880
    4                 24664
    5                  6350
    6                   814
    7                  1220
    8                   977
    9                  7312
   10                  9145
   11                  1534
   12                  3011
   13                  1821
   14                 10683
   15                  7415
   16                  1070
   17                  2109
   18                  1291
   19                  8529
   20                 58458
   21                 15397
   22                 21011
   23                 15801
   24                 62893
total                287787

20:
    0                 64673
    1                  9449
    2                 12687
    3                 10668
    4                 92012
    5                 23031
    6                  3494
    7                  5020
    8                  4262
    9                 25941
   10                 31344
   11                  6730
   12                 12932
   13                  7804
   14                 36464
   15                 26724
   16                  4970
   17                  9477
   18                  5885
   19                 30516
   20                219872
   21                 54298
   22                 70858
   23                 56252
   24                235550
total               1060913

21:
    0                 90469
    1                 13497
    2                 19852
    3                 15466
    4                132568
    5                 33746
    6                  5164
    7                  7859
    8                  6330
    9                 40351
   10                 50987
   11                  9845
   12                 19092
   13                 11705
   14                 61432
   15                 41123
   16                  7178
   17                 13671
   18                  8590
   19                 48526
   20                306849
   21                 87843
   22                123953
   23                 91498
   24                334307
total               1581901

22:
    0                313826
    1                 45302
    2                 62055
    3                 52394
    4                452388
    5                112398
    6                 19406
    7                 28931
    8                 24364
    9                130718
   10                157413
   11                 37470
   12                 69747
   13                 44165
   14                188813
   15                134365
   16                 28230
   17                 52502
   18                 33527
   19                157665
   20               1063983
   21                281135
   22                376980
   23                294789
   24               1151312
total               5313878

23:
    0                466809
    1                 69976
    2                107337
    3                 82857
    4                696821
    5                178591
    6                 31978
    7                 51243
    8                 39564
    9                219945
   10                281222
   11                 62117
   12                116596
   13                 74260
   14                346322
   15                224357
   16                 45886
   17                 86709
   18                 54959
   19                269594
   20               1574031
   21                488880
   22                710019
   23                515880
   24               1735451
total               8531404

24:
    0               1516184
    1                217434
    2                311935
    3                258609
    4               2208749
    5                547867
    6                107181
    7                167097
    8                136428
    9                657468
   10                805956
   11                207647
   12                381651
   13                247554
   14                989562
   15                679358
   16                157919
   17                290730
   18                187514
   19                813716
   20               5103529
   21               1452445
   22               2015004
   23               1543107
   24               5575612
total              26580256

