   0 avg 1.000000e+00 part 1.289390e-25 sdev 0.000000e+00 samples        1                                             
   1 avg 4.223678e-01 part 1.089194e-25 sdev 0.000000e+00 samples        2                                             
   2 avg 1.783946e-01 part 9.200808e-26 sdev 0.000000e+00 samples        4                                             
   3 avg 7.534813e-02 part 9.715314e-26 sdev 0.000000e+00 samples       10                                             
   4 avg 3.182463e-02 part 1.066893e-25 sdev 1.387779e-17 samples       26                                             
   5 avg 1.344170e-02 part 1.109222e-25 sdev 1.908196e-17 samples       64                                            
   6 avg 5.677341e-03 part 1.163929e-25 sdev 5.204170e-18 samples      159                                            
   7 avg 2.397926e-03 part 1.131622e-25 sdev 6.071532e-18 samples      366                                            
   8 avg 1.034452e-03 part 1.149746e-25 sdev 3.170113e-04 samples      862                                            
   9 avg 4.650278e-04 part 1.141643e-25 sdev 2.683316e-04 samples     1904                                            
  10 avg 2.264644e-04 part 1.325100e-25 sdev 3.555301e-04 samples     4538                                            
  11 avg 1.116876e-04 part 1.474363e-25 sdev 3.254906e-04 samples    10238                                             
  12 avg 5.572143e-05 part 1.731361e-25 sdev 3.374499e-04 samples    24098                                            
  13 avg 2.566714e-05 part 1.760188e-25 sdev 9.377151e-05 samples    53186                                            
  14 avg 1.348870e-05 part 2.146806e-25 sdev 9.358071e-05 samples   123435                                            
  15 avg 6.607613e-06 part 2.286848e-25 sdev 4.102327e-05 samples   268416                                            
  16 avg 3.441898e-06 part 2.735437e-25 sdev 2.847367e-05 samples   616374                                            
  17 avg 1.717744e-06 part 2.938833e-25 sdev 1.225547e-05 samples  1326882                                            
  18 avg 9.376500e-07 part 3.652531e-25 sdev 1.247756e-05 samples  3021126                                            
  19 avg 4.879216e-07 part 4.050804e-25 sdev 6.198687e-06 samples  6438828                                            
  20 avg 2.633545e-07 part 4.932111e-25 sdev 4.949633e-06 samples 10000000                                            
  21 avg 1.361424e-07 part 5.377438e-25 sdev 1.684756e-06 samples 10000000                                             
  22 avg 7.395646e-08 part 6.533380e-25 sdev 1.245588e-06 samples 10000000                                            
  23 avg 3.832745e-08 part 7.072185e-25 sdev 6.211724e-07 samples 10000000                                            
  24 avg 2.062500e-08 part 8.438323e-25 sdev 3.606287e-07 samples 10000000                                            
  25 avg 1.058743e-08 part 8.957712e-25 sdev 1.709909e-07 samples 10000000                                            
  26 avg 5.656937e-09 part 1.051844e-24 sdev 9.475531e-08 samples 10000000                                            
  27 avg 2.927082e-09 part 1.113949e-24 sdev 5.774352e-08 samples 10000000                                            
  28 avg 1.533598e-09 part 1.270905e-24 sdev 2.559901e-08 samples 10000000                                            
  29 avg 8.096714e-10 part 1.358735e-24 sdev 1.340531e-08 samples 10000000                                            
  30 avg 4.135691e-10 part 1.496869e-24 sdev 7.114266e-09 samples 10000000                                            
  31 avg 2.061020e-10 part 1.493344e-24 sdev 4.448041e-09 samples 10000000                                            
  32 avg 1.123273e-10 part 1.737170e-24 sdev 2.063363e-09 samples 10000000                                            
  33 avg 5.802016e-11 part 1.779212e-24 sdev 1.308024e-09 samples 10000000                                            
  34 avg 2.913500e-11 part 1.885916e-24 sdev 4.774964e-10 samples 10000000                                            
  35 avg 1.569240e-11 part 1.985615e-24 sdev 2.825916e-10 samples 10000000                                            
  36 avg 8.109227e-12 part 2.146968e-24 sdev 1.700508e-10 samples 10000000                                            
  37 avg 3.987713e-12 part 2.037091e-24 sdev 1.158134e-10 samples 10000000                                            
  38 avg 1.955805e-12 part 2.065698e-24 sdev 4.622301e-11 samples 10000000                                            
  39 avg 1.181635e-12 part 2.374896e-24 sdev 8.787647e-11 samples 10000000                                            
  40 avg 5.668149e-13 part 2.323634e-24 sdev 1.038212e-11 samples 10000000                                            
  41 avg 2.775277e-13 part 2.134714e-24 sdev 4.367460e-12 samples 10000000                                            
  42 avg 1.490063e-13 part 2.313741e-24 sdev 2.675623e-12 samples 10000000                                            
  43 avg 8.867063e-14 part 2.545698e-24 sdev 1.977285e-12 samples 10000000                                            
  44 avg 3.956305e-14 part 2.254081e-24 sdev 6.799946e-13 samples 10000000                                            
  45 avg 1.946015e-14 part 2.020207e-24 sdev 4.016855e-13 samples 10000000                                             
  46 avg 1.211102e-14 part 2.466052e-24 sdev 3.419888e-13 samples 10000000                                             
  47 avg 5.561277e-15 part 2.034575e-24 sdev 9.908044e-14 samples 10000000                                             
  48 avg 2.667741e-15 part 1.883080e-24 sdev 6.278594e-14 samples 10000000                                             
  49 avg 1.533243e-15 part 1.904011e-24 sdev 1.065418e-13 samples 10000000                                             
  50 avg 7.508898e-16 part 1.781145e-24 sdev 1.265587e-14 samples 10000000                                             
  51 avg 3.762235e-16 part 1.546203e-24 sdev 7.770843e-15 samples 10000000                                             
  52 avg 1.926111e-16 part 1.472890e-24 sdev 5.456998e-15 samples 10000000                                             
  53 avg 1.033295e-16 part 1.348004e-24 sdev 2.029832e-15 samples 10000000                                             
  54 avg 4.673595e-17 part 1.126348e-24 sdev 9.267419e-16 samples 10000000                                             
  55 avg 2.687232e-17 part 1.076805e-24 sdev 4.816309e-16 samples  9137321                                             
  56 avg 1.353506e-17 part 9.842172e-25 sdev 2.583576e-16 samples  7630467                                             
  57 avg 6.622850e-18 part 7.923689e-25 sdev 1.300989e-16 samples  6278343                                             
  58 avg 3.879696e-18 part 8.252605e-25 sdev 8.591989e-17 samples  5140162                                             
  59 avg 1.751842e-18 part 5.953830e-25 sdev 2.995689e-17 samples  4145284                                             
  60 avg 1.077705e-18 part 6.376496e-25 sdev 2.069108e-17 samples  3333477                                             
  61 avg 5.224385e-19 part 4.821251e-25 sdev 7.557910e-18 samples  2629233                                             
  62 avg 2.221698e-19 part 3.555018e-25 sdev 3.144906e-18 samples  2072350                                             
  63 avg 1.275745e-19 part 3.128709e-25 sdev 3.308631e-18 samples   952594                                            
  64 avg 7.632424e-20 part 2.999970e-25 sdev 1.385620e-18 samples   736146                                            
eta   6.780468e-23
sdev  4.537202e-13
error 1.129764e-25
