   0 avg 1.000000e+00 part 1.289390e-25 sdev 0.000000e+00 samples        1                                             
   1 avg 4.223678e-01 part 1.089194e-25 sdev 0.000000e+00 samples        2                                             
   2 avg 1.783946e-01 part 9.200808e-26 sdev 0.000000e+00 samples        4                                             
   3 avg 7.534813e-02 part 9.715314e-26 sdev 0.000000e+00 samples       10                                             
   4 avg 3.182463e-02 part 1.066893e-25 sdev 1.387779e-17 samples       26                                             
   5 avg 1.344170e-02 part 1.109222e-25 sdev 1.908196e-17 samples       64                     
   6 avg 5.677341e-03 part 1.163929e-25 sdev 5.204170e-18 samples      159
   7 avg 2.397926e-03 part 1.131622e-25 sdev 6.071532e-18 samples      366                                             
   8 avg 1.034452e-03 part 1.149746e-25 sdev 3.170113e-04 samples      862                                             
   9 avg 4.670973e-04 part 1.146723e-25 sdev 2.755369e-04 samples     1904                                             
  10 avg 2.288869e-04 part 1.339275e-25 sdev 3.734831e-04 samples     4538                                             
  11 avg 1.134872e-04 part 1.498119e-25 sdev 3.289880e-04 samples    10238                                             
  12 avg 5.766081e-05 part 1.791621e-25 sdev 3.414265e-04 samples    24098                                             
  13 avg 2.776671e-05 part 1.904172e-25 sdev 1.206918e-04 samples    53186                                             
  14 avg 1.501157e-05 part 2.389179e-25 sdev 1.100932e-04 samples   123435                                            
  15 avg 7.714861e-06 part 2.670059e-25 sdev 7.120716e-05 samples   268416                                            
  16 avg 4.104059e-06 part 3.261687e-25 sdev 6.686550e-05 samples   616374                                            
  17 avg 2.108312e-06 part 3.607045e-25 sdev 2.514087e-05 samples  1326882                                            
  18 avg 1.167482e-06 part 4.547820e-25 sdev 2.633984e-05 samples  3021126                                            
  19 avg 6.218712e-07 part 5.162875e-25 sdev 1.282720e-05 samples  6438828                                            
  20 avg 3.386361e-07 part 6.341987e-25 sdev 1.217803e-05 samples 10000000                                             
  21 avg 1.777763e-07 part 7.021923e-25 sdev 3.126622e-06 samples 10000000                                            
  22 avg 9.790894e-08 part 8.649364e-25 sdev 3.585564e-06 samples 10000000                                            
  23 avg 5.168790e-08 part 9.537456e-25 sdev 1.443747e-06 samples 10000000                                            
  24 avg 2.758079e-08 part 1.128415e-24 sdev 5.163055e-07 samples 10000000                                            
  25 avg 1.448842e-08 part 1.225822e-24 sdev 2.938794e-07 samples 10000000                                            
  26 avg 7.760008e-09 part 1.442887e-24 sdev 1.610426e-07 samples 10000000                                            
  27 avg 4.131276e-09 part 1.572226e-24 sdev 1.627015e-07 samples 10000000                                            
  28 avg 2.162975e-09 part 1.792475e-24 sdev 4.755356e-08 samples 10000000                                            
  29 avg 1.179768e-09 part 1.979805e-24 sdev 3.031016e-08 samples 10000000                                            
  30 avg 5.875600e-10 part 2.126611e-24 sdev 1.288484e-08 samples 10000000                                             
  31 avg 3.037064e-10 part 2.200551e-24 sdev 7.089866e-09 samples 10000000                                            
  32 avg 1.597747e-10 part 2.470958e-24 sdev 3.242782e-09 samples 10000000                                            
  33 avg 8.846865e-11 part 2.712927e-24 sdev 1.975205e-09 samples 10000000                                            
  34 avg 4.468431e-11 part 2.892427e-24 sdev 2.040291e-09 samples 10000000                                            
  35 avg 2.539317e-11 part 3.213088e-24 sdev 6.791502e-10 samples 10000000                                            
  36 avg 1.273871e-11 part 3.372652e-24 sdev 3.239734e-10 samples 10000000                                            
  37 avg 6.355082e-12 part 3.246443e-24 sdev 1.804134e-10 samples 10000000                                            
  38 avg 3.206962e-12 part 3.387154e-24 sdev 7.267646e-11 samples 10000000                                            
  39 avg 1.881868e-12 part 3.782250e-24 sdev 1.022837e-10 samples 10000000                                            
  40 avg 9.244987e-13 part 3.789944e-24 sdev 2.745467e-11 samples 10000000                                            
  41 avg 4.922272e-13 part 3.786160e-24 sdev 1.913361e-11 samples 10000000                                            
  42 avg 2.648397e-13 part 4.112379e-24 sdev 9.293971e-12 samples 10000000                                            
  43 avg 1.472149e-13 part 4.226481e-24 sdev 4.350476e-12 samples 10000000                                            
  44 avg 7.145092e-14 part 4.070873e-24 sdev 2.239556e-12 samples 10000000                                            
  45 avg 3.369010e-14 part 3.497456e-24 sdev 8.065807e-13 samples 10000000                                            
  46 avg 2.108535e-14 part 4.293410e-24 sdev 5.489222e-13 samples 10000000                                            
  47 avg 9.583186e-15 part 3.505977e-24 sdev 2.877351e-13 samples 10000000                                            
  48 avg 4.852237e-15 part 3.425051e-24 sdev 2.520928e-13 samples 10000000                                            
  49 avg 2.630668e-15 part 3.266816e-24 sdev 1.298227e-13 samples 10000000                                            
  50 avg 1.285579e-15 part 3.049452e-24 sdev 3.808234e-14 samples 10000000                                            
  51 avg 6.697636e-16 part 2.752595e-24 sdev 1.959544e-14 samples 10000000                                            
  52 avg 3.538429e-16 part 2.705824e-24 sdev 9.236668e-15 samples 10000000                                            
  53 avg 1.781759e-16 part 2.324428e-24 sdev 3.971935e-15 samples 10000000                                            
  54 avg 9.664779e-17 part 2.329235e-24 sdev 3.936330e-15 samples 10000000                                            
  55 avg 5.622989e-17 part 2.253197e-24 sdev 1.469690e-15 samples  9137321                                            
  56 avg 3.026845e-17 part 2.201004e-24 sdev 1.707949e-15 samples  7630467                                            
  57 avg 1.606344e-17 part 1.921857e-24 sdev 3.602194e-16 samples  6278343                                            
  58 avg 8.208358e-18 part 1.746022e-24 sdev 6.057923e-16 samples  5140162                                            
  59 avg 3.408018e-18 part 1.158253e-24 sdev 8.024770e-17 samples  4145284                                            
  60 avg 2.109485e-18 part 1.248126e-24 sdev 4.114106e-17 samples  3333477                                            
  61 avg 9.196220e-19 part 8.486604e-25 sdev 1.754582e-17 samples  2629233                                            
  62 avg 4.608368e-19 part 7.374016e-25 sdev 1.724021e-17 samples  2072350                                            
  63 avg 2.388154e-19 part 5.856843e-25 sdev 5.033888e-18 samples   952594                                            
  64 avg 1.295605e-19 part 5.092454e-25 sdev 1.909405e-18 samples   736146                                            
rest avg 1.730186e-24 part 1.730168e-24 sdev 1.868686e-21 samples 100000000 rej 1065)
eta   1.116985e-22
sdev  4.551947e-13
error 2.715072e-25
