Loading PDB catalogue from 8.cat
Creating PDB for tile set 0,1,2,5,6,7,10,11,12
  0:                    1
  1:                    2
  2:                    4
  3:                   18
  4:                  104
  5:                  490
  6:                 2086
  7:                 8186
  8:                29463
  9:               100060
 10:               315889
 11:               944422
 12:              2636994
 13:              6994492
 14:             17505912
 15:             41751488
 16:             94017603
 17:            200556334
 18:            401724084
 19:            756713370
 20:           1332374499
 21:           2195428254
 22:           3371141432
 23:           4826085376
 24:           6417787592
 25:           7927746840
 26:           9070115230
 27:           9617642082
 28:           9434335505
 29:           8576519764
 30:           7214079806
 31:           5625300258
 32:           4054430789
 33:           2704618046
 34:           1661055971
 35:            939594234
 36:            484977426
 37:            228583360
 38:             97316859
 39:             37499774
 40:             12898174
 41:              4027624
 42:              1152493
 43:               299942
 44:                71172
 45:                14928
 46:                 2112
 47:                   96
 48:                    0
Warning: heuristic 0 does not account for all tiles!
Loaded 1 PDBs and 1 heuristics from 8.cat
Loading PDB catalogue from catalogues/clausecker.cat
Creating PDB for tile set 0,15,16,17,20,21,22
  0:                    1
  1:                    5
  2:                   22
  3:                  103
  4:                  397
  5:                 1385
  6:                 4320
  7:                12651
  8:                34384
  9:                88761
 10:               213419
 11:               482235
 12:              1009584
 13:              1964433
 14:              3538326
 15:              5890359
 16:              9042318
 17:             12705389
 18:             16327060
 19:             19118948
 20:             20512342
 21:             20216127
 22:             18447110
 23:             15659774
 24:             12377348
 25:              9116498
 26:              6200945
 27:              3895004
 28:              2216440
 29:              1135170
 30:               508256
 31:               202524
 32:                65498
 33:                16890
 34:                 3350
 35:                  624
 36:                    0
Creating PDB for tile set 0,13,14,18,19,23,24
  0:                    1
  1:                    5
  2:                   22
  3:                  103
  4:                  397
  5:                 1385
  6:                 4320
  7:                12651
  8:                34384
  9:                88761
 10:               213419
 11:               482235
 12:              1009584
 13:              1964433
 14:              3538326
 15:              5890359
 16:              9042318
 17:             12705389
 18:             16327060
 19:             19118948
 20:             20512342
 21:             20216127
 22:             18447110
 23:             15659774
 24:             12377348
 25:              9116498
 26:              6200945
 27:              3895004
 28:              2216440
 29:              1135170
 30:               508256
 31:               202524
 32:                65498
 33:                16890
 34:                 3350
 35:                  624
 36:                    0
Creating PDB for tile set 0,3,4,7,8,9,12
  0:                    1
  1:                    8
  2:                   42
  3:                  184
  4:                  738
  5:                 2704
  6:                 8920
  7:                26738
  8:                72998
  9:               184160
 10:               427350
 11:               919317
 12:              1828684
 13:              3360227
 14:              5695259
 15:              8849194
 16:             12593419
 17:             16318610
 18:             19306373
 19:             20842958
 20:             20658262
 21:             18859032
 22:             15925076
 23:             12487627
 24:              9066369
 25:              6098402
 26:              3739962
 27:              2077325
 28:              1015405
 29:               435676
 30:               152664
 31:                42986
 32:                 9502
 33:                 1732
 34:                   96
 35:                    0
Creating PDB for tile set 0,1,2,5,6,10,11
  0:                    1
  1:                    2
  2:                    4
  3:                   24
  4:                  113
  5:                  486
  6:                 1737
  7:                 5602
  8:                16190
  9:                43950
 10:               110627
 11:               263326
 12:               581796
 13:              1198252
 14:              2276419
 15:              3998888
 16:              6475977
 17:              9638939
 18:             13183062
 19:             16501971
 20:             18973095
 21:             20045426
 22:             19598363
 23:             17800397
 24:             15104404
 25:             11999392
 26:              8881268
 27:              6120469
 28:              3876231
 29:              2255942
 30:              1177708
 31:               548937
 32:               221113
 33:                80083
 34:                22244
 35:                 4662
 36:                  768
 37:                  132
 38:                    0
Loaded 4 PDBs and 1 heuristics from catalogues/clausecker.cat
   0 avg 1.000000e+00 part 1.289390e-25 sdev 0.000000e+00 samples        1
   1 avg 4.223678e-01 part 1.089194e-25 sdev 0.000000e+00 samples        2
   2 avg 1.783946e-01 part 9.200808e-26 sdev 0.000000e+00 samples        4
   3 avg 9.595743e-02 part 1.237265e-25 sdev 4.121858e-02 samples       10
   4 avg 6.441774e-02 part 2.159549e-25 sdev 5.176749e-02 samples       26
   5 avg 5.342199e-02 part 4.408434e-25 sdev 4.738284e-02 samples       64
   6 avg 4.462378e-02 part 9.148456e-25 sdev 4.529393e-02 samples      159
   7 avg 3.859882e-02 part 1.821543e-24 sdev 4.386256e-02 samples      366
   8 avg 3.392927e-02 part 3.771083e-24 sdev 4.218724e-02 samples      862
   9 avg 3.098982e-02 part 7.607996e-24 sdev 4.379037e-02 samples     1904
  10 avg 2.752065e-02 part 1.610303e-23 sdev 4.845873e-02 samples     4538
  11 avg 2.387507e-02 part 3.151695e-23 sdev 4.035167e-02 samples    10238
  12 avg 2.052163e-02 part 6.376422e-23 sdev 4.050966e-02 samples    24098
  13 avg 1.760404e-02 part 1.207241e-22 sdev 3.251200e-02 samples    53186
  14 avg 1.514409e-02 part 2.410271e-22 sdev 3.208043e-02 samples   123435
  15 avg 1.305191e-02 part 4.517173e-22 sdev 2.749621e-02 samples   268416
  16 avg 1.127433e-02 part 8.960235e-22 sdev 2.726603e-02 samples   616374
  17 avg 9.733879e-03 part 1.665339e-21 sdev 2.322004e-02 samples  1326882
  18 avg 8.432896e-03 part 3.284959e-21 sdev 2.304096e-02 samples  3021126
  19 avg 7.285771e-03 part 6.048764e-21 sdev 1.958893e-02 samples  6438828
  20 avg 6.315537e-03 part 1.182775e-20 sdev 1.937679e-02 samples 10000000
  21 avg 5.444277e-03 part 2.150416e-20 sdev 1.643279e-02 samples 10000000
  22 avg 4.720258e-03 part 4.169918e-20 sdev 1.622665e-02 samples 10000000
  23 avg 4.067099e-03 part 7.504615e-20 sdev 1.370039e-02 samples 10000000
  24 avg 3.526461e-03 part 1.442784e-19 sdev 1.364361e-02 samples 10000000
  25 avg 3.042234e-03 part 2.573944e-19 sdev 1.144904e-02 samples 10000000
  26 avg 2.636341e-03 part 4.901983e-19 sdev 1.144764e-02 samples 10000000
  27 avg 2.260825e-03 part 8.603942e-19 sdev 9.524037e-03 samples 10000000
  28 avg 1.953890e-03 part 1.619205e-18 sdev 9.467975e-03 samples 10000000
  29 avg 1.698140e-03 part 2.849702e-18 sdev 8.056622e-03 samples 10000000
  30 avg 1.441202e-03 part 5.216277e-18 sdev 7.721309e-03 samples 10000000
  31 avg 1.239978e-03 part 8.983868e-18 sdev 6.505534e-03 samples 10000000
  32 avg 1.072035e-03 part 1.661404e-17 sdev 6.508864e-03 samples 10000000
  33 avg 9.229839e-04 part 2.819032e-17 sdev 5.405813e-03 samples 10000000
  34 avg 7.959239e-04 part 5.146856e-17 sdev 5.616876e-03 samples 10000000
  35 avg 6.679625e-04 part 8.467102e-17 sdev 4.418373e-03 samples 10000000
  36 avg 5.815398e-04 part 1.539103e-16 sdev 4.317739e-03 samples 10000000
  37 avg 4.878002e-04 part 2.493780e-16 sdev 3.515462e-03 samples 10000000
  38 avg 4.180091e-04 part 4.410239e-16 sdev 3.452895e-03 samples 10000000
  39 avg 3.557120e-04 part 7.127650e-16 sdev 2.893685e-03 samples 10000000
  40 avg 3.037280e-04 part 1.239916e-15 sdev 2.835195e-03 samples 10000000
  41 avg 2.555225e-04 part 1.969041e-15 sdev 2.429218e-03 samples 10000000
  42 avg 2.145410e-04 part 3.336024e-15 sdev 2.196124e-03 samples 10000000
  43 avg 1.802093e-04 part 5.183311e-15 sdev 1.812516e-03 samples 10000000
  44 avg 1.542225e-04 part 8.756254e-15 sdev 1.778981e-03 samples 10000000
  45 avg 1.306580e-04 part 1.361712e-14 sdev 1.568587e-03 samples 10000000
  46 avg 1.109286e-04 part 2.271320e-14 sdev 1.397858e-03 samples 10000000
  47 avg 9.186197e-05 part 3.363019e-14 sdev 1.226263e-03 samples 10000000
  48 avg 7.893965e-05 part 5.483789e-14 sdev 1.100236e-03 samples 10000000
  49 avg 6.520440e-05 part 8.129635e-14 sdev 8.963331e-04 samples 10000000
  50 avg 5.556560e-05 part 1.338866e-13 sdev 9.607803e-04 samples 10000000
  51 avg 4.554687e-05 part 1.867046e-13 sdev 9.147603e-04 samples 10000000
  52 avg 3.983366e-05 part 3.018947e-13 sdev 6.363690e-04 samples 10000000
  53 avg 3.407850e-05 part 4.434291e-13 sdev 6.149008e-04 samples 10000000
  54 avg 2.638969e-05 part 6.280759e-13 sdev 4.750512e-04 samples 10000000
  55 avg 2.301770e-05 part 9.238741e-13 sdev 4.654321e-04 samples  9137321
  56 avg 1.770725e-05 part 1.297316e-12 sdev 3.213879e-04 samples  7630467
  57 avg 1.583211e-05 part 1.843523e-12 sdev 3.502014e-04 samples  6278343
  58 avg 1.413877e-05 part 2.943305e-12 sdev 2.777733e-04 samples  5140162
rest avg 1.251300e-08 part 1.251299e-08 sdev 1.702194e-06 samples 100000000 rej 54)
eta   1.252192e-08
sdev  1.722441e-06
error 1.702193e-10
