0 10000000 1
1 10000000 0 1
2 10000000 0 0 1
3 10000000 0 0 0 1
4 10000000 0 0 0 0 1
5 10000000 0 0 0 0 0 1
6 10000000 0 0 0 0 0 0 1
7 10000000 0 0 0 0 0 0.0277748 0 0.972225
8 10000000 0 0 0 0 0.0139295 0 0.0138453 0 0.972225
9 10000000 0 0 0 0.0139295 0 0 0 0.0153821 0 0.970688
10 10000000 0 0 0.0139295 0 0 0 0.0007686 0 0.102001 0 0.883301
11 10000000 0 0.0046509 0 0.0092786 0 0.0002565 0 0.0298144 0 0.0916554 0 0.864344
12 10000000 0.0023241 0 0.0023268 0 0.0093659 0 0.0147534 0 0.0260082 0 0.122634 0 0.822587
13 10000000 0 0.0023241 0 0.0023704 0 0.0232855 0 0.0043967 0 0.04063 0 0.160143 0 0.76685
14 10000000 0 0 0.002348 0 0.0162807 0 0.0111098 0 0.0111197 0 0.0539857 0 0.176673 0 0.728483
15 10000000 0 1.67e-05 0 0.0069833 0 0.0133872 0 0.0160664 0 0.0174748 0 0.0642315 0 0.19748 0 0.68436
16 10000000 7.7e-06 0 0.0023384 0 0.0060071 0 0.0174394 0 0.0149259 0 0.0226371 0 0.0856105 0 0.211835 0 0.639198
17 10000000 0 0.0011679 0 0.0017033 0 0.0073174 0 0.0183976 0 0.0179759 0 0.0397827 0 0.0983276 0 0.216281 0 0.599046
18 10000000 0.0005842 0 0.000763 0 0.0024211 0 0.0069463 0 0.0214864 0 0.0337855 0 0.0500752 0 0.100267 0 0.225839 0 0.557832
19 10000000 0 0.0006481 0 0.0010683 0 0.0024003 0 0.0086325 0 0.0308066 0 0.0400876 0 0.0521121 0 0.114684 0 0.220159 0 0.529401
20 10000000 3.11e-05 0 0.0008238 0 0.0009847 0 0.0036308 0 0.0174567 0 0.0323257 0 0.0410612 0 0.0614586 0 0.123058 0 0.227412 0 0.491758
21 10000000 0 0.0001339 0 0.0008154 0 0.001398 0 0.0086265 0 0.0184453 0 0.0352529 0 0.0481857 0 0.0676582 0 0.133027 0 0.223498 0 0.462959
22 10000000 4.94e-05 0 0.0001622 0 0.0009398 0 0.0050498 0 0.009165 0 0.0210777 0 0.0409018 0 0.0501153 0 0.0780875 0 0.136021 0 0.234703 0 0.423727
23 10000000 0 7.65e-05 0 0.0002327 0 0.0029389 0 0.0048281 0 0.0110574 0 0.0254062 0 0.0443759 0 0.0567621 0 0.0825514 0 0.146999 0 0.230477 0 0.394295
24 10000000 1.42e-05 0 0.0001122 0 0.0015777 0 0.0026048 0 0.0059228 0 0.014575 0 0.02924 0 0.0477886 0 0.0607089 0 0.091187 0 0.152939 0 0.23424 0 0.35909
25 10000000 0 3.56e-05 0 0.0007045 0 0.0015326 0 0.0030715 0 0.0078777 0 0.017069 0 0.0326826 0 0.0514595 0 0.0678679 0 0.0975562 0 0.161415 0 0.225313 0 0.333415
26 10000000 1.27e-05 0 0.0003432 0 0.000739 0 0.0017367 0 0.004339 0 0.0095642 0 0.0196561 0 0.0360561 0 0.0568355 0 0.0720831 0 0.108128 0 0.163007 0 0.225071 0 0.302428
27 10000000 0 0.0001618 0 0.0003842 0 0.0010146 0 0.0022905 0 0.005321 0 0.0112497 0 0.0227258 0 0.0397912 0 0.0612948 0 0.0804138 0 0.113504 0 0.167448 0 0.216321 0 0.278079
28 10000000 7.14e-05 0 0.0002365 0 0.0005368 0 0.0014317 0 0.0027887 0 0.0063984 0 0.0136205 0 0.0256072 0 0.0442871 0 0.0667748 0 0.0854004 0 0.120564 0 0.168796 0 0.213788 0 0.249698
29 10000000 0 0.000126 0 0.0003437 0 0.0008235 0 0.0016903 0 0.0034302 0 0.0078712 0 0.0157826 0 0.0288712 0 0.0487263 0 0.071836 0 0.0929015 0 0.124928 0 0.171708 0 0.203428 0 0.227533
30 10000000 2.53e-05 0 0.0001566 0 0.0006176 0 0.0009716 0 0.0020588 0 0.0044803 0 0.0094092 0 0.0180973 0 0.0329372 0 0.0531573 0 0.0775142 0 0.097794 0 0.13112 0 0.170853 0 0.198228 0 0.202579
31 10000000 0 4.83e-05 0 0.0002706 0 0.0007101 0 0.0011919 0 0.0026759 0 0.0054659 0 0.0111507 0 0.0208509 0 0.0365906 0 0.0582171 0 0.0827788 0 0.104478 0 0.134635 0 0.171155 0 0.186314 0 0.183466
32 10000000 1.17e-05 0 0.0001119 0 0.0003295 0 0.0008729 0 0.0015907 0 0.0032582 0 0.0067019 0 0.0129205 0 0.0241763 0 0.0405959 0 0.0633338 0 0.0885053 0 0.10874 0 0.139708 0 0.168079 0 0.179018 0 0.162046
33 10000000 0 4.35e-05 0 0.0001412 0 0.000427 0 0.0010814 0 0.0019281 0 0.0040819 0 0.0080698 0 0.0151501 0 0.0272495 0 0.0449342 0 0.0686957 0 0.0936057 0 0.114955 0 0.141484 0 0.16593 0 0.166588 0 0.145636
34 10000000 1.7e-05 0 5.46e-05 0 0.000209 0 0.0005736 0 0.0012618 0 0.0024932 0 0.0050345 0 0.0095396 0 0.0175652 0 0.0306856 0 0.0497836 0 0.0739218 0 0.0990746 0 0.118699 0 0.144463 0 0.161162 0 0.158173 0 0.12729
35 10000000 0 2.78e-05 0 8.51e-05 0 0.000298 0 0.0006702 0 0.0015959 0 0.0030756 0 0.0061387 0 0.0111275 0 0.0201764 0 0.0345904 0 0.0545918 0 0.0794672 0 0.10402 0 0.123721 0 0.144309 0 0.156942 0 0.145868 0 0.113296
36 10000000 5e-06 0 4.53e-05 0 0.000142 0 0.0003461 0 0.00089 0 0.001975 0 0.0038584 0 0.007144 0 0.0131325 0 0.0231641 0 0.0386868 0 0.0598641 0 0.0845813 0 0.109055 0 0.126395 0 0.14537 0 0.150624 0 0.136628 0 0.0980915
37 10000000 0 1.53e-05 0 7e-05 0 0.0001769 0 0.0004491 0 0.0011226 0 0.0024582 0 0.0046254 0 0.0084927 0 0.0152637 0 0.0264414 0 0.0431327 0 0.0648675 0 0.0901829 0 0.113491 0 0.12987 0 0.143489 0 0.144665 0 0.124706 0 0.0864815
38 10000000 5.9e-06 0 3.01e-05 0 9.25e-05 0 0.0002308 0 0.0006031 0 0.0014488 0 0.0030054 0 0.0054707 0 0.0100848 0 0.0176474 0 0.0300376 0 0.0476808 0 0.0703026 0 0.0952838 0 0.117841 0 0.131235 0 0.142283 0 0.137405 0 0.115068 0 0.0742443
39 10000000 0 1.55e-05 0 4.02e-05 0 0.0001308 0 0.0002976 0 0.0007896 0 0.0018018 0 0.0036337 0 0.0064889 0 0.0117862 0 0.0204285 0 0.0338766 0 0.0525556 0 0.0757373 0 0.100566 0 0.121349 0 0.132795 0 0.138796 0 0.130152 0 0.103947 0 0.0648126
40 10000000 5.1e-06 0 1.96e-05 0 6.84e-05 0 0.0001658 0 0.0004004 0 0.0010327 0 0.002239 0 0.0042938 0 0.0077319 0 0.0138217 0 0.0234262 0 0.0380529 0 0.0575062 0 0.0812652 0 0.105355 0 0.12442 0 0.1328 0 0.135471 0 0.122174 0 0.0946218 0 0.0551293
41 10000000 0 9.5e-06 0 3.26e-05 0 9.59e-05 0 0.0002167 0 0.0005465 0 0.001295 0 0.0027143 0 0.0051053 0 0.0091612 0 0.0160454 0 0.0268141 0 0.0423893 0 0.0627905 0 0.0868755 0 0.109891 0 0.126732 0 0.132418 0 0.130322 0 0.114275 0 0.0846253 0 0.0476455
42 10000000 2.4e-06 0 1.64e-05 0 5.27e-05 0 0.0001246 0 0.0002989 0 0.0007233 0 0.0016146 0 0.0032638 0 0.0061183 0 0.0107725 0 0.0186403 0 0.0304052 0 0.0469708 0 0.0682233 0 0.0922064 0 0.113914 0 0.128349 0 0.130618 0 0.125443 0 0.106016 0 0.0761262 0 0.0400997
43 10000000 0 6.4e-06 0 2.5e-05 0 7.41e-05 0 0.0001645 0 0.0004007 0 0.0009239 0 0.0019976 0 0.0039304 0 0.0072415 0 0.0126799 0 0.0214734 0 0.0342198 0 0.0520054 0 0.0738035 0 0.0973714 0 0.117439 0 0.129155 0 0.128336 0 0.119158 0 0.0979286 0 0.0673834 0 0.0342828
44 10000000 2.1e-06 0 1.03e-05 0 3.97e-05 0 9.88e-05 0 0.0002225 0 0.0005285 0 0.0011788 0 0.0024208 0 0.0047703 0 0.0085625 0 0.0148178 0 0.0244572 0 0.0385414 0 0.0571267 0 0.0792592 0 0.102206 0 0.120361 0 0.12907 0 0.125018 0 0.113196 0 0.0897042 0 0.0598464 0 0.0285624
45 10000000 0 4.1e-06 0 1.71e-05 0 5.69e-05 0 0.0001282 0 0.000295 0 0.000691 0 0.0014631 0 0.0029639 0 0.0056843 0 0.0101043 0 0.0171617 0 0.0279809 0 0.0430518 0 0.0625158 0 0.084829 0 0.106615 0 0.122709 0 0.127973 0 0.121246 0 0.106128 0 0.0818982 0 0.0523136 0 0.0241702
46 10000000 1.1e-06 0 7.1e-06 0 2.81e-05 0 7.49e-05 0 0.0001707 0 0.0003978 0 0.0008767 0 0.0018095 0 0.0036429 0 0.0067702 0 0.0118346 0 0.0198557 0 0.0316768 0 0.0478021 0 0.0680294 0 0.090092 0 0.110674 0 0.123954 0 0.12628 0 0.116613 0 0.099472 0 0.0741495 0 0.04583 0 0.0199572
47 10000000 0 2.6e-06 0 1.23e-05 0 4.1e-05 0 9.5e-05 0 0.0002304 0 0.0005167 0 0.0011092 0 0.0022365 0 0.0043873 0 0.0080456 0 0.0138235 0 0.022838 0 0.0357732 0 0.0529984 0 0.0735607 0 0.0952583 0 0.11396 0 0.124691 0 0.12366 0 0.111469 0 0.0922272 0 0.0667049 0 0.0396874 0 0.016672
48 10000000 9e-07 0 4.6e-06 0 2.1e-05 0 5.33e-05 0 0.0001304 0 0.0003062 0 0.0006728 0 0.0013702 0 0.002772 0 0.0052651 0 0.0094914 0 0.0160997 0 0.0261114 0 0.0401353 0 0.0582495 0 0.0791486 0 0.0998821 0 0.116762 0 0.124379 0 0.120389 0 0.105965 0 0.0851706 0 0.0597166 0 0.0343099 0 0.0135928
49 10000000 0 1.9e-06 0 8.7e-06 0 3.13e-05 0 6.8e-05 0 0.0001731 0 0.0004056 0 0.0008461 0 0.0017008 0 0.0033726 0 0.0063237 0 0.0111699 0 0.0186673 0 0.0297973 0 0.0448832 0 0.0637598 0 0.0846336 0 0.104227 0 0.118702 0 0.1233 0 0.116456 0 0.0998834 0 0.0779493 0 0.0530797 0 0.0293017 0 0.0112591
50 10000000 8e-07 0 4e-06 0 1.5e-05 0 4.05e-05 0 9.18e-05 0 0.0002375 0 0.0005227 0 0.0010467 0 0.002122 0 0.0041006 0 0.007536 0 0.0131011 0 0.0215567 0 0.0337352 0 0.0497825 0 0.0691922 0 0.0898582 0 0.108099 0 0.119814 0 0.121421 0 0.111877 0 0.0937032 0 0.0712355 0 0.0467828 0 0.025053 0 0.0090716
51 10000000 0 2e-06 0 7.5e-06 0 2.1e-05 0 5.26e-05 0 0.0001303 0 0.0003067 0 0.0006531 0 0.0013145 0 0.0026185 0 0.004973 0 0.0089559 0 0.0153354 0 0.0247916 0 0.0380449 0 0.055059 0 0.0747435 0 0.0949618 0 0.111185 0 0.120147 0 0.118705 0 0.106792 0 0.0872389 0 0.0643426 0 0.0410607 0 0.0211332 0 0.0074232
52 10000000 5e-07 0 3.4e-06 0 1.34e-05 0 2.64e-05 0 7.33e-05 0 0.0001707 0 0.0003919 0 0.0008263 0 0.0016548 0 0.0031982 0 0.0060086 0 0.0106169 0 0.0178141 0 0.028291 0 0.0426187 0 0.0604181 0 0.0802411 0 0.0993992 0 0.113489 0 0.119653 0 0.115473 0 0.101381 0 0.0807258 0 0.0580001 0 0.0357873 0 0.0177825 0 0.0059407
53 10000000 0 1.1e-06 0 6.4e-06 0 1.77e-05 0 3.5e-05 0 0.000101 0 0.0002178 0 0.0005099 0 0.0010421 0 0.0020442 0 0.003917 0 0.007217 0 0.0125168 0 0.0206385 0 0.0321814 0 0.0475908 0 0.0660431 0 0.085606 0 0.103297 0 0.115286 0 0.118296 0 0.111407 0 0.0955089 0 0.0742054 0 0.0517004 0 0.0309985 0 0.0148126 0 0.0048018
54 10000000 2e-07 0 2.4e-06 0 1.02e-05 0 2.22e-05 0 4.98e-05 0 0.0001317 0 0.0002913 0 0.0006529 0 0.001295 0 0.0025211 0 0.0047855 0 0.008616 0 0.0146919 0 0.0237041 0 0.036427 0 0.0526942 0 0.071603 0 0.0904715 0 0.106723 0 0.116137 0 0.116266 0 0.106857 0 0.0896238 0 0.067694 0 0.0459977 0 0.0266396 0 0.0123152 0 0.0037758
55 10000000 0 1e-06 0 3.7e-06 0 1.41e-05 0 2.92e-05 0 6.83e-05 0 0.0001755 0 0.0003855 0 0.0008182 0 0.0016055 0 0.0031233 0 0.0057785 0 0.0102468 0 0.0171817 0 0.0272097 0 0.0410297 0 0.0581478 0 0.0771487 0 0.0951534 0 0.109408 0 0.11608 0 0.113543 0 0.101889 0 0.0832515 0 0.0613228 0 0.0405114 0 0.0227476 0 0.0101202 0 0.0030063
56 10000000 7e-07 0 1.5e-06 0 6.8e-06 0 1.79e-05 0 3.88e-05 0 9.49e-05 0 0.0002373 0 0.0004824 0 0.0010248 0 0.0020119 0 0.003805 0 0.0069686 0 0.0121262 0 0.0199198 0 0.0310243 0 0.045911 0 0.0635525 0 0.0823984 0 0.0992408 0 0.1114 0 0.115367 0 0.110098 0 0.0965693 0 0.0769619 0 0.0552802 0 0.0355458 0 0.0192931 0 0.008293 0 0.0023276
57 10000000 0 1e-06 0 3.1e-06 0 9.8e-06 0 2.15e-05 0 5.66e-05 0 0.0001295 0 0.0002996 0 0.0006115 0 0.0012909 0 0.002484 0 0.0046586 0 0.0083442 0 0.0142835 0 0.0230859 0 0.0352913 0 0.0511546 0 0.0690242 0 0.0875101 0 0.102887 0 0.112521 0 0.113826 0 0.105979 0 0.0908175 0 0.0706032 0 0.04944 0 0.030859 0 0.0162538 0 0.0067303 0 0.0018233
58 10000000 2e-07 0 1.8e-06 0 4.9e-06 0 1.12e-05 0 3.1e-05 0 7.86e-05 0 0.0001721 0 0.0003808 0 0.0007868 0 0.0016045 0 0.0030746 0 0.0056238 0 0.0099617 0 0.016714 0 0.0265234 0 0.0398929 0 0.0562837 0 0.0744864 0 0.0921307 0 0.105728 0 0.112942 0 0.111617 0 0.101442 0 0.0849015 0 0.0644886 0 0.0439706 0 0.0267314 0 0.0136 0 0.005418 0 0.0013982
59 10000000 0 7e-07 0 2.8e-06 0 5.7e-06 0 1.64e-05 0 4.34e-05 0 0.0001033 0 0.0002248 0 0.0004846 0 0.0009982 0 0.0020082 0 0.0037539 0 0.0068219 0 0.0118508 0 0.0194939 0 0.03043 0 0.0447921 0 0.061725 0 0.0799824 0 0.0962313 0 0.108 0 0.112655 0 0.108457 0 0.0964392 0 0.0787306 0 0.0583647 0 0.0388647 0 0.0228181 0 0.0112837 0 0.0043434 0 0.0010749
60 10000000 2e-07 0 1.3e-06 0 3.6e-06 0 8.5e-06 0 2.36e-05 0 5.89e-05 0 0.0001377 0 0.0002899 0 0.0006356 0 0.00125 0 0.0024816 0 0.0045835 0 0.0081802 0 0.0139832 0 0.0226431 0 0.0346026 0 0.0497872 0 0.067249 0 0.084865 0 0.0997883 0 0.109578 0 0.111348 0 0.104874 0 0.0912164 0 0.0727129 0 0.0526408 0 0.0340725 0 0.0194154 0 0.0092969 0 0.0034522 0 0.00082
61 10000000 0 6e-07 0 1.7e-06 0 5.7e-06 0 1.17e-05 0 3.23e-05 0 7.83e-05 0 0.0001808 0 0.0003832 0 0.0008034 0 0.0015569 0 0.0030512 0 0.0056213 0 0.0097953 0 0.0165036 0 0.0261555 0 0.0391544 0 0.0552159 0 0.0726992 0 0.0896215 0 0.102932 0 0.110134 0 0.109346 0 0.100651 0 0.0855378 0 0.0666457 0 0.0469746 0 0.0295639 0 0.0163984 0 0.0076071 0 0.002712 0 0.0006246
62 10000000 2e-07 0 1e-06 0 2.5e-06 0 7.3e-06 0 1.78e-05 0 4.44e-05 0 0.0001035 0 0.0002389 0 0.0004979 0 0.001001 0 0.0019533 0 0.0037582 0 0.0067998 0 0.0116928 0 0.0192785 0 0.0299121 0 0.0439978 0 0.0606837 0 0.0778102 0 0.0937271 0 0.105251 0 0.109993 0 0.106759 0 0.0960456 0 0.0798308 0 0.0607555 0 0.0416933 0 0.0256228 0 0.0137704 0 0.0061547 0 0.0021382 0 0.0004579
63 10000000 0 6e-07 0 1e-06 0 4.3e-06 0 9.1e-06 0 2.66e-05 0 5.89e-05 0 0.0001406 0 0.0003081 0 0.0006302 0 0.0012652 0 0.0024258 0 0.0046381 0 0.0082132 0 0.013929 0 0.0224229 0 0.0341741 0 0.0492514 0 0.0660473 0 0.0829634 0 0.0974172 0 0.106787 0 0.109051 0 0.103502 0 0.0909181 0 0.0739657 0 0.0547916 0 0.0367297 0 0.0219649 0 0.0113956 0 0.0049608 0 0.0016657 0 0.0003409
64 10000000 2e-07 0 6e-07 0 2.1e-06 0 5e-06 0 1.35e-05 0 3.65e-05 0 8.17e-05 0 0.0001836 0 0.0003902 0 0.0008025 0 0.0015959 0 0.0030545 0 0.0056155 0 0.0098822 0 0.0163517 0 0.0259366 0 0.0387804 0 0.054392 0 0.0714072 0 0.0874461 0 0.100482 0 0.107571 0 0.107351 0 0.0997429 0 0.0856989 0 0.0681166 0 0.0492196 0 0.0322455 0 0.0186828 0 0.0094039 0 0.0039657 0 0.0012919 0 0.0002496
65 10000000 0 2e-07 0 1.2e-06 0 3e-06 0 6.8e-06 0 1.93e-05 0 4.93e-05 0 0.0001105 0 0.0002329 0 0.0005019 0 0.0010259 0 0.002016 0 0.0037672 0 0.0068508 0 0.0118248 0 0.0192345 0 0.0299574 0 0.0436062 0 0.0598447 0 0.0766158 0 0.0917653 0 0.102861 0 0.107502 0 0.105057 0 0.0952634 0 0.0802402 0 0.0621258 0 0.0438621 0 0.0278984 0 0.0157405 0 0.0077086 0 0.0031395 0 0.0009821 0 0.0001861
66 10000000 0 0 6e-07 0 1.6e-06 0 4.5e-06 0 8.5e-06 0 2.88e-05 0 6.73e-05 0 0.0001393 0 0.0003062 0 0.0006547 0 0.0012975 0 0.0024978 0 0.0046579 0 0.0082588 0 0.0140316 0 0.0224589 0 0.0341255 0 0.0487098 0 0.0650854 0 0.0816623 0 0.0951784 0 0.104458 0 0.106902 0 0.102007 0 0.0906831 0 0.0745978 0 0.0564097 0 0.0388799 0 0.0240329 0 0.0132229 0 0.0062869 0 0.0024601 0 0.0007498 0 0.0001343
67 10000000 0 2e-07 0 6e-07 0 2.7e-06 0 4.8e-06 0 1.45e-05 0 3.96e-05 0 8.61e-05 0 0.0001884 0 0.0003949 0 0.0008438 0 0.0016282 0 0.0031206 0 0.0057095 0 0.009976 0 0.0166498 0 0.0260707 0 0.0387496 0 0.0539568 0 0.0706129 0 0.0860764 0 0.0983606 0 0.105543 0 0.105358 0 0.0983682 0 0.0855568 0 0.0686549 0 0.0508503 0 0.0340697 0 0.0205294 0 0.0109421 0 0.0050576 0 0.001918 0 0.0005678 0 9.71e-05
68 10000000 1e-07 0 2e-07 0 1.3e-06 0 2.5e-06 0 9e-06 0 2.02e-05 0 5.33e-05 0 0.0001147 0 0.0002444 0 0.0005157 0 0.0010652 0 0.0020391 0 0.0038763 0 0.0069566 0 0.0119434 0 0.019539 0 0.0299581 0 0.043472 0 0.059338 0 0.0755843 0 0.0901616 0 0.100817 0 0.105577 0 0.103272 0 0.0944082 0 0.0802479 0 0.0629707 0 0.0455493 0 0.0297688 0 0.0174279 0 0.0090324 0 0.0040606 0 0.0014739 0 0.0004283 0 7.08e-05
69 10000000 0 2e-07 0 5e-07 0 1.3e-06 0 4.4e-06 0 1.26e-05 0 2.73e-05 0 7.3e-05 0 0.0001474 0 0.0003214 0 0.0006636 0 0.0013451 0 0.0025756 0 0.0047765 0 0.0084863 0 0.0142352 0 0.0228303 0 0.0342921 0 0.0486071 0 0.0647335 0 0.0806019 0 0.0938197 0 0.102547 0 0.104914 0 0.100486 0 0.089803 0 0.0746313 0 0.0573221 0 0.0403128 0 0.0257009 0 0.0146403 0 0.0073919 0 0.0031964 0 0.0011305 0 0.0003176 0 5.24e-05
70 10000000 1e-07 0 2e-07 0 7e-07 0 2.2e-06 0 5.9e-06 0 1.81e-05 0 3.93e-05 0 9.17e-05 0 0.0001987 0 0.0004145 0 0.0008546 0 0.001707 0 0.0032035 0 0.0058683 0 0.0102344 0 0.0168223 0 0.0263954 0 0.038858 0 0.0537529 0 0.0699512 0 0.0850254 0 0.0968059 0 0.103397 0 0.103752 0 0.0970471 0 0.0850331 0 0.0691646 0 0.0517369 0 0.0356582 0 0.0220784 0 0.012259 0 0.0059765 0 0.0025205 0 0.0008518 0 0.0002365 0 3.77e-05
71 10000000 0 2e-07 0 4e-07 0 1.1e-06 0 2.8e-06 0 9.6e-06 0 2.51e-05 0 5.08e-05 0 0.0001235 0 0.0002616 0 0.0005353 0 0.0010952 0 0.0021363 0 0.0039968 0 0.0072142 0 0.0123061 0 0.0198053 0 0.0304056 0 0.0437956 0 0.0592382 0 0.0749999 0 0.0891465 0 0.0991577 0 0.103628 0 0.101653 0 0.0932295 0 0.079804 0 0.0633672 0 0.046454 0 0.0310818 0 0.0188012 0 0.0100869 0 0.0047821 0 0.0019546 0 0.0006526 0 0.0001708 0 2.64e-05
72 10000000 0 0 2e-07 0 8e-07 0 1.2e-06 0 5.2e-06 0 1.35e-05 0 3.24e-05 0 6.96e-05 0 0.0001648 0 0.0003347 0 0.0006954 0 0.0013857 0 0.0026861 0 0.0049558 0 0.0087467 0 0.0146187 0 0.0230744 0 0.0347311 0 0.0488876 0 0.0644235 0 0.0796754 0 0.0925374 0 0.100823 0 0.103141 0 0.0989982 0 0.0891206 0 0.0744232 0 0.0579388 0 0.041366 0 0.0269995 0 0.0158841 0 0.0082901 0 0.0038212 0 0.0015185 0 0.0004932 0 0.0001243 0 1.84e-05
73 10000000 0 0 0 3e-07 0 1.1e-06 0 2.5e-06 0 7.9e-06 0 1.66e-05 0 4.55e-05 0 9.39e-05 0 0.000207 0 0.000439 0 0.0009005 0 0.0017674 0 0.0033696 0 0.0061134 0 0.0105923 0 0.0172885 0 0.0268863 0 0.0393962 0 0.0541807 0 0.0696761 0 0.0841728 0 0.0954835 0 0.101806 0 0.101902 0 0.0958382 0 0.0842771 0 0.0689035 0 0.0523242 0 0.0364845 0 0.0232026 0 0.0132517 0 0.0067241 0 0.0030273 0 0.0011529 0 0.000361 0 9.12e-05 0 1.26e-05
74 10000000 0 0 0 0 5e-07 0 2e-06 0 3.4e-06 0 1.05e-05 0 2.4e-05 0 5.91e-05 0 0.000122 0 0.0002757 0 0.0005692 0 0.001155 0 0.0022354 0 0.0041888 0 0.0074673 0 0.0126502 0 0.0203563 0 0.0308738 0 0.0443136 0 0.0592641 0 0.0746464 0 0.0880356 0 0.0977782 0 0.101962 0 0.100162 0 0.0921576 0 0.0792861 0 0.0634599 0 0.047026 0 0.0319903 0 0.0198496 0 0.0110329 0 0.0054339 0 0.0023865 0 0.0008824 0 0.0002656 0 6.48e-05 0 8.5e-06
75 10000000 0 0 0 1e-07 0 1.1e-06 0 2.2e-06 0 5.7e-06 0 1.41e-05 0 3.4e-05 0 7.64e-05 0 0.0001666 0 0.000359 0 0.0007248 0 0.0014886 0 0.0028345 0 0.0051564 0 0.0091116 0 0.0152001 0 0.0237374 0 0.0354283 0 0.0494032 0 0.0645383 0 0.0794167 0 0.0914512 0 0.0994003 0 0.101599 0 0.0976194 0 0.0878831 0 0.0740214 0 0.0577663 0 0.0418861 0 0.0277467 0 0.0167695 0 0.0090717 0 0.004327 0 0.001854 0 0.0006633 0 0.0001909 0 4.54e-05 0 5.4e-06
