0 1000000 1
1 1000000 0 1
2 1000000 0 0 1
3 1000000 0 0 0 1
4 1000000 0 0 0 0 1
5 1000000 0 0 0 0 0 1
6 1000000 0 0 0 0 0 0 1
7 1000000 0 0 0 0 0 0.027919 0 0.972081
8 1000000 0 0 0 0 0.014073 0 0.013846 0 0.972081
9 1000000 0 0 0 0.014073 0 0 0 0.01535 0 0.970577
10 1000000 0 0 0.014073 0 0 0 0.000735 0 0.102016 0 0.883176
11 1000000 0 0.004619 0 0.009454 0 0.000237 0 0.029783 0 0.091576 0 0.864331
12 1000000 0.002384 0 0.002235 0 0.009533 0 0.014723 0 0.025952 0 0.122363 0 0.82281
13 1000000 0 0.002384 0 0.002265 0 0.02347 0 0.004294 0 0.04068 0 0.159339 0 0.767568
14 1000000 0 0 0.002399 0 0.016185 0 0.01126 0 0.011032 0 0.053716 0 0.176719 0 0.728689
15 1000000 0 1.3e-05 0 0.007024 0 0.013272 0 0.016238 0 0.017174 0 0.064374 0 0.197317 0 0.684588
16 1000000 7e-06 0 0.002311 0 0.006034 0 0.01742 0 0.015047 0 0.02242 0 0.085592 0 0.211626 0 0.639543
17 1000000 0 0.001179 0 0.001677 0 0.007335 0 0.018367 0 0.018057 0 0.039537 0 0.098498 0 0.215911 0 0.599439
18 1000000 0.000604 0 0.000756 0 0.002416 0 0.006936 0 0.021453 0 0.03363 0 0.050189 0 0.100229 0 0.22594 0 0.557847
19 1000000 0 0.000661 0 0.001093 0 0.002372 0 0.008685 0 0.03051 0 0.040004 0 0.052127 0 0.11519 0 0.219767 0 0.529591
20 1000000 2.9e-05 0 0.000856 0 0.000995 0 0.003662 0 0.017506 0 0.032112 0 0.040849 0 0.061695 0 0.123321 0 0.226762 0 0.492213
21 1000000 0 0.000138 0 0.000852 0 0.001455 0 0.008595 0 0.018668 0 0.034824 0 0.048137 0 0.06761 0 0.133449 0 0.222846 0 0.463426
22 1000000 5.5e-05 0 0.000174 0 0.000983 0 0.005082 0 0.009274 0 0.021101 0 0.040601 0 0.04981 0 0.078316 0 0.13636 0 0.234036 0 0.424208
23 1000000 0 8.6e-05 0 0.000243 0 0.002956 0 0.004958 0 0.011125 0 0.025384 0 0.043844 0 0.056693 0 0.082712 0 0.147542 0 0.229608 0 0.394849
24 1000000 1.7e-05 0 0.000121 0 0.00159 0 0.002647 0 0.005981 0 0.014676 0 0.029009 0 0.047328 0 0.060728 0 0.091413 0 0.153265 0 0.233743 0 0.359482
25 1000000 0 4.2e-05 0 0.000727 0 0.001548 0 0.003079 0 0.007877 0 0.017213 0 0.032363 0 0.051119 0 0.067852 0 0.09792 0 0.161861 0 0.224357 0 0.334042
26 1000000 8e-06 0 0.000367 0 0.000749 0 0.001761 0 0.004258 0 0.009579 0 0.019753 0 0.03578 0 0.056393 0 0.07232 0 0.108389 0 0.162973 0 0.224712 0 0.302958
27 1000000 0 0.000163 0 0.000396 0 0.001052 0 0.002209 0 0.005302 0 0.011212 0 0.022777 0 0.039523 0 0.06092 0 0.080427 0 0.113798 0 0.167538 0 0.216057 0 0.278626
28 1000000 8.7e-05 0 0.000215 0 0.000547 0 0.001437 0 0.002726 0 0.006341 0 0.013598 0 0.025632 0 0.044058 0 0.066487 0 0.085316 0 0.120991 0 0.168719 0 0.213661 0 0.250185
29 1000000 0 0.000131 0 0.000344 0 0.000798 0 0.001719 0 0.003372 0 0.007791 0 0.015699 0 0.028993 0 0.048389 0 0.071571 0 0.092996 0 0.125516 0 0.171307 0 0.203298 0 0.228076
30 1000000 2e-05 0 0.000173 0 0.000596 0 0.00097 0 0.00207 0 0.004403 0 0.009378 0 0.018036 0 0.032741 0 0.05299 0 0.077497 0 0.097812 0 0.131576 0 0.170576 0 0.198177 0 0.202985
31 1000000 0 4.2e-05 0 0.000273 0 0.000726 0 0.001193 0 0.002637 0 0.00545 0 0.011045 0 0.020639 0 0.036446 0 0.058439 0 0.082522 0 0.104305 0 0.13544 0 0.170801 0 0.186252 0 0.18379
32 1000000 9e-06 0 9.8e-05 0 0.000368 0 0.00086 0 0.001589 0 0.003283 0 0.006576 0 0.012711 0 0.024201 0 0.040504 0 0.063338 0 0.088317 0 0.108701 0 0.140349 0 0.167902 0 0.179017 0 0.162177
33 1000000 0 3.7e-05 0 0.000146 0 0.000431 0 0.00108 0 0.001957 0 0.004018 0 0.007937 0 0.015058 0 0.027266 0 0.044751 0 0.068896 0 0.0933 0 0.114875 0 0.142209 0 0.165768 0 0.166603 0 0.145668
34 1000000 1.4e-05 0 5.3e-05 0 0.000196 0 0.000594 0 0.001263 0 0.002503 0 0.004904 0 0.009533 0 0.017409 0 0.030596 0 0.049906 0 0.074086 0 0.098681 0 0.118675 0 0.145231 0 0.160828 0 0.158146 0 0.127382
35 1000000 0 2.3e-05 0 7.9e-05 0 0.000283 0 0.000704 0 0.001577 0 0.003043 0 0.006108 0 0.011155 0 0.019901 0 0.034601 0 0.054667 0 0.079443 0 0.103833 0 0.123639 0 0.145049 0 0.156706 0 0.145969 0 0.11322
36 1000000 4e-06 0 3.9e-05 0 0.000137 0 0.000354 0 0.0009 0 0.001969 0 0.003809 0 0.007192 0 0.013015 0 0.022956 0 0.038696 0 0.059842 0 0.084613 0 0.109027 0 0.126224 0 0.146102 0 0.150559 0 0.136521 0 0.098041
37 1000000 0 1.4e-05 0 6.1e-05 0 0.000192 0 0.000442 0 0.001131 0 0.002462 0 0.004577 0 0.008522 0 0.015128 0 0.02617 0 0.043204 0 0.064769 0 0.090416 0 0.113564 0 0.129428 0 0.143998 0 0.144889 0 0.124673 0 0.08636
38 1000000 7e-06 0 2.7e-05 0 9e-05 0 0.000244 0 0.000594 0 0.001461 0 0.002997 0 0.005447 0 0.010019 0 0.01743 0 0.029962 0 0.047594 0 0.070472 0 0.095488 0 0.117556 0 0.130869 0 0.143114 0 0.137382 0 0.115237 0 0.07401
39 1000000 0 1.4e-05 0 3.7e-05 0 0.000143 0 0.00031 0 0.000753 0 0.001821 0 0.003627 0 0.006427 0 0.011738 0 0.020271 0 0.033729 0 0.052619 0 0.075765 0 0.10094 0 0.120759 0 0.132666 0 0.13919 0 0.130656 0 0.103998 0 0.064537
40 1000000 3e-06 0 2.1e-05 0 7.4e-05 0 0.000172 0 0.000399 0 0.000993 0 0.002283 0 0.004184 0 0.007751 0 0.013688 0 0.023215 0 0.03809 0 0.057586 0 0.081388 0 0.105402 0 0.124002 0 0.132611 0 0.136135 0 0.122482 0 0.094716 0 0.054805
41 1000000 0 6e-06 0 3.8e-05 0 9.4e-05 0 0.000226 0 0.000528 0 0.001272 0 0.002682 0 0.005092 0 0.009084 0 0.015906 0 0.026706 0 0.042425 0 0.062957 0 0.086662 0 0.110129 0 0.126153 0 0.132285 0 0.131214 0 0.114514 0 0.084618 0 0.047409
42 1000000 2e-06 0 1.8e-05 0 5.3e-05 0 0.000126 0 0.0003 0 0.000695 0 0.00159 0 0.003229 0 0.006069 0 0.010659 0 0.018603 0 0.030249 0 0.047201 0 0.06817 0 0.09206 0 0.113953 0 0.127947 0 0.130536 0 0.126482 0 0.105997 0 0.076117 0 0.039944
43 1000000 0 1e-05 0 2.3e-05 0 7.5e-05 0 0.000164 0 0.000389 0 0.000918 0 0.001965 0 0.003891 0 0.007183 0 0.01256 0 0.021363 0 0.034355 0 0.051913 0 0.073647 0 0.097288 0 0.117858 0 0.12839 0 0.128541 0 0.120094 0 0.09789 0 0.067357 0 0.034126
44 1000000 2e-06 0 1.4e-05 0 4e-05 0 9.4e-05 0 0.00022 0 0.000533 0 0.001159 0 0.002379 0 0.004709 0 0.008526 0 0.014676 0 0.024566 0 0.038395 0 0.057061 0 0.079106 0 0.102547 0 0.120122 0 0.12872 0 0.125605 0 0.113913 0 0.089454 0 0.059783 0 0.028376
45 1000000 0 3e-06 0 2.2e-05 0 5.2e-05 0 0.000117 0 0.00031 0 0.00068 0 0.001484 0 0.002848 0 0.005631 0 0.010035 0 0.017202 0 0.027866 0 0.043023 0 0.062423 0 0.084856 0 0.106638 0 0.122496 0 0.128214 0 0.121556 0 0.106555 0 0.081783 0 0.052149 0 0.024057
46 1000000 1e-06 0 9e-06 0 2.7e-05 0 6.7e-05 0 0.000174 0 0.000407 0 0.000891 0 0.001789 0 0.00349 0 0.006677 0 0.011819 0 0.01995 0 0.031593 0 0.047729 0 0.068054 0 0.089823 0 0.110663 0 0.124283 0 0.12641 0 0.116666 0 0.099837 0 0.073979 0 0.045745 0 0.019917
47 1000000 0 4e-06 0 1e-05 0 4.1e-05 0 9.2e-05 0 0.000226 0 0.00055 0 0.001088 0 0.002193 0 0.004164 0 0.007968 0 0.013968 0 0.02273 0 0.03594 0 0.052656 0 0.073783 0 0.095067 0 0.11405 0 0.124776 0 0.123671 0 0.11183 0 0.092213 0 0.066671 0 0.039652 0 0.016657
48 1000000 2e-06 0 5e-06 0 2e-05 0 5.6e-05 0 0.000125 0 0.000306 0 0.000713 0 0.001325 0 0.002673 0 0.005084 0 0.009488 0 0.016163 0 0.026162 0 0.040046 0 0.058104 0 0.079138 0 0.09992 0 0.116771 0 0.12454 0 0.12058 0 0.10581 0 0.085577 0 0.059344 0 0.034501 0 0.013547
49 1000000 0 4e-06 0 1.2e-05 0 3e-05 0 6.7e-05 0 0.000172 0 0.000407 0 0.000881 0 0.001612 0 0.003262 0 0.006234 0 0.011105 0 0.018864 0 0.029497 0 0.045005 0 0.063508 0 0.084736 0 0.104373 0 0.118875 0 0.123345 0 0.11643 0 0.100028 0 0.077876 0 0.053024 0 0.029419 0 0.011234
50 1000000 0 0 8e-06 0 1.9e-05 0 3.7e-05 0 0.000102 0 0.000224 0 0.000528 0 0.001073 0 0.002031 0 0.003976 0 0.007438 0 0.013139 0 0.021585 0 0.033493 0 0.050024 0 0.068848 0 0.090289 0 0.108062 0 0.119952 0 0.121317 0 0.112182 0 0.093329 0 0.071454 0 0.046829 0 0.024983 0 0.009078
51 1000000 0 2e-06 0 1.1e-05 0 2.8e-05 0 5.2e-05 0 0.000136 0 0.000298 0 0.000645 0 0.001329 0 0.002554 0 0.00477 0 0.008916 0 0.015347 0 0.02471 0 0.037966 0 0.055156 0 0.074519 0 0.095448 0 0.110954 0 0.120238 0 0.118878 0 0.106806 0 0.087104 0 0.064594 0 0.040973 0 0.021096 0 0.00747
52 1000000 1e-06 0 5e-06 0 1.5e-05 0 4e-05 0 6.5e-05 0 0.000188 0 0.000369 0 0.000817 0 0.001688 0 0.003035 0 0.005945 0 0.010526 0 0.017841 0 0.028253 0 0.042304 0 0.06069 0 0.080218 0 0.099697 0 0.113297 0 0.119963 0 0.115317 0 0.101446 0 0.080552 0 0.058229 0 0.035694 0 0.017793 0 0.006012
53 1000000 0 1e-06 0 8e-06 0 2.4e-05 0 4.6e-05 0 9.9e-05 0 0.000235 0 0.000477 0 0.001072 0 0.001979 0 0.00384 0 0.007091 0 0.012413 0 0.020724 0 0.032047 0 0.047362 0 0.06634 0 0.085678 0 0.103288 0 0.115453 0 0.118679 0 0.111175 0 0.095337 0 0.074094 0 0.051972 0 0.030823 0 0.014894 0 0.004849
54 1000000 0 0 2e-06 0 1.5e-05 0 2.2e-05 0 7.2e-05 0 0.00013 0 0.000307 0 0.000616 0 0.001292 0 0.002528 0 0.004646 0 0.008396 0 0.014691 0 0.023722 0 0.036396 0 0.052455 0 0.071636 0 0.090587 0 0.107283 0 0.115846 0 0.116838 0 0.106403 0 0.089447 0 0.067826 0 0.04608 0 0.026563 0 0.012413 0 0.003788
55 1000000 0 0 0 7e-06 0 1.4e-05 0 3.1e-05 0 9.8e-05 0 0.000158 0 0.000403 0 0.000764 0 0.001625 0 0.003112 0 0.005601 0 0.010072 0 0.017158 0 0.027257 0 0.041053 0 0.057657 0 0.077329 0 0.095549 0 0.10975 0 0.116117 0 0.113618 0 0.101454 0 0.083226 0 0.061471 0 0.040578 0 0.022757 0 0.010113 0 0.003028
56 1000000 0 0 4e-06 0 6e-06 0 1.8e-05 0 4.8e-05 0 0.000119 0 0.000199 0 0.000497 0 0.001009 0 0.001994 0 0.003811 0 0.006749 0 0.01204 0 0.019985 0 0.030804 0 0.045788 0 0.063305 0 0.082704 0 0.099697 0 0.111832 0 0.11495 0 0.110195 0 0.096074 0 0.077132 0 0.055497 0 0.035664 0 0.019279 0 0.008203 0 0.002397
57 1000000 0 3e-06 0 2e-06 0 8e-06 0 2.2e-05 0 6.7e-05 0 0.000141 0 0.000261 0 0.000639 0 0.001235 0 0.002514 0 0.004551 0 0.008283 0 0.014177 0 0.023038 0 0.035109 0 0.050969 0 0.069037 0 0.087784 0 0.103352 0 0.112712 0 0.113267 0 0.10647 0 0.090206 0 0.070697 0 0.049618 0 0.031008 0 0.016307 0 0.006639 0 0.001884
58 1000000 1e-06 0 2e-06 0 5e-06 0 1e-05 0 2.8e-05 0 8.9e-05 0 0.000187 0 0.000349 0 0.000799 0 0.001594 0 0.003033 0 0.005606 0 0.009776 0 0.016625 0 0.026396 0 0.039763 0 0.056325 0 0.07433 0 0.092838 0 0.105992 0 0.112701 0 0.111286 0 0.101719 0 0.084253 0 0.065008 0 0.043865 0 0.027057 0 0.013509 0 0.00538 0 0.001474
59 1000000 0 1e-06 0 4e-06 0 6e-06 0 1.5e-05 0 3.7e-05 0 0.000115 0 0.000244 0 0.000449 0 0.001023 0 0.00195 0 0.003786 0 0.006698 0 0.011667 0 0.019469 0 0.030335 0 0.044703 0 0.061872 0 0.079866 0 0.096784 0 0.108276 0 0.111909 0 0.108532 0 0.096518 0 0.078283 0 0.058896 0 0.038778 0 0.023057 0 0.011246 0 0.004335 0 0.001146
60 1000000 0 0 1e-06 0 4e-06 0 1.1e-05 0 2.1e-05 0 5.6e-05 0 0.000157 0 0.000292 0 0.000576 0 0.001248 0 0.002527 0 0.004507 0 0.008102 0 0.013801 0 0.022676 0 0.034458 0 0.049915 0 0.067019 0 0.085051 0 0.100407 0 0.109302 0 0.111104 0 0.104746 0 0.091285 0 0.072402 0 0.053181 0 0.033721 0 0.0198 0 0.009276 0 0.003488 0 0.000866
61 1000000 0 0 0 1e-06 0 6e-06 0 1.6e-05 0 3.4e-05 0 8.5e-05 0 0.000181 0 0.000379 0 0.000724 0 0.001647 0 0.003024 0 0.00548 0 0.009776 0 0.016433 0 0.026184 0 0.038986 0 0.05536 0 0.072656 0 0.089865 0 0.103108 0 0.10976 0 0.109277 0 0.100589 0 0.085645 0 0.066276 0 0.047385 0 0.029394 0 0.016693 0 0.007603 0 0.002772 0 0.000661
62 1000000 0 0 0 0 3e-06 0 9e-06 0 2.1e-05 0 5.4e-05 0 9.6e-05 0 0.000234 0 0.000484 0 0.000987 0 0.002001 0 0.003692 0 0.00671 0 0.011625 0 0.019269 0 0.029836 0 0.044054 0 0.06091 0 0.077781 0 0.093935 0 0.105136 0 0.109695 0 0.106675 0 0.096111 0 0.079907 0 0.060254 0 0.042105 0 0.025489 0 0.014023 0 0.006224 0 0.002173 0 0.000507
63 1000000 0 0 0 0 0 6e-06 0 1e-05 0 4.1e-05 0 4.9e-05 0 0.000136 0 0.000292 0 0.000638 0 0.001267 0 0.002422 0 0.004628 0 0.008029 0 0.013936 0 0.022498 0 0.034052 0 0.049457 0 0.066304 0 0.082802 0 0.09757 0 0.106508 0 0.108883 0 0.103566 0 0.091079 0 0.073688 0 0.05454 0 0.036923 0 0.021847 0 0.011707 0 0.00502 0 0.00172 0 0.000382
64 1000000 0 0 0 0 2e-06 0 7e-06 0 2.5e-05 0 3.1e-05 0 7.8e-05 0 0.00017 0 0.000391 0 0.000793 0 0.00159 0 0.003074 0 0.005528 0 0.009826 0 0.016302 0 0.025913 0 0.038784 0 0.054611 0 0.071659 0 0.087269 0 0.100549 0 0.107153 0 0.107482 0 0.099655 0 0.085933 0 0.067863 0 0.048878 0 0.032256 0 0.018864 0 0.009658 0 0.004013 0 0.001347 0 0.000296
65 1000000 0 0 0 1e-06 0 3e-06 0 1.5e-05 0 2.1e-05 0 4.6e-05 0 0.000103 0 0.000231 0 0.000499 0 0.001011 0 0.001989 0 0.003778 0 0.00673 0 0.011785 0 0.019274 0 0.029967 0 0.043574 0 0.060389 0 0.076737 0 0.091476 0 0.10247 0 0.107596 0 0.104821 0 0.095521 0 0.080335 0 0.061806 0 0.043555 0 0.028009 0 0.015917 0 0.007891 0 0.003219 0 0.001005 0 0.000226
66 1000000 0 0 1e-06 0 2e-06 0 6e-06 0 1.5e-05 0 3.2e-05 0 5.7e-05 0 0.000139 0 0.000293 0 0.000655 0 0.00128 0 0.00249 0 0.004606 0 0.008285 0 0.013817 0 0.022623 0 0.033957 0 0.048807 0 0.065818 0 0.081549 0 0.095029 0 0.103828 0 0.107077 0 0.10182 0 0.090897 0 0.074519 0 0.056228 0 0.03865 0 0.024302 0 0.013327 0 0.006452 0 0.002483 0 0.000786 0 0.00017
67 1000000 0 0 0 1e-06 0 6e-06 0 3e-06 0 2e-05 0 4.5e-05 0 7.9e-05 0 0.000174 0 0.00041 0 0.000801 0 0.001634 0 0.003089 0 0.005705 0 0.009882 0 0.016523 0 0.026027 0 0.03903 0 0.054101 0 0.070738 0 0.086431 0 0.09791 0 0.104809 0 0.10585 0 0.097765 0 0.086061 0 0.06851 0 0.050648 0 0.034102 0 0.020769 0 0.011016 0 0.005207 0 0.001928 0 0.00061 0 0.000116
68 1000000 0 0 0 0 4e-06 0 4e-06 0 4e-06 0 2.6e-05 0 6.5e-05 0 0.000103 0 0.000243 0 0.000517 0 0.001018 0 0.002022 0 0.003912 0 0.006767 0 0.011998 0 0.019258 0 0.030134 0 0.043646 0 0.059443 0 0.075965 0 0.090297 0 0.100224 0 0.105458 0 0.102876 0 0.094445 0 0.080726 0 0.062519 0 0.045544 0 0.029861 0 0.017508 0 0.009246 0 0.004136 0 0.001495 0 0.000453 0 8.3e-05
69 1000000 0 0 0 2e-06 0 3e-06 0 5e-06 0 6e-06 0 3.5e-05 0 8.2e-05 0 0.000147 0 0.000301 0 0.000671 0 0.001266 0 0.002648 0 0.00468 0 0.008344 0 0.014219 0 0.022693 0 0.034512 0 0.048744 0 0.065048 0 0.080676 0 0.093804 0 0.102077 0 0.104654 0 0.100416 0 0.089842 0 0.074839 0 0.057096 0 0.040207 0 0.02575 0 0.014908 0 0.007498 0 0.003274 0 0.00117 0 0.000315 0 6.8e-05
70 1000000 0 0 1e-06 0 2e-06 0 3e-06 0 7e-06 0 1.1e-05 0 5.5e-05 0 0.0001 0 0.000176 0 0.000409 0 0.000843 0 0.001663 0 0.003222 0 0.005826 0 0.010005 0 0.016909 0 0.02638 0 0.038833 0 0.054175 0 0.07025 0 0.084834 0 0.096677 0 0.103163 0 0.103565 0 0.097095 0 0.084723 0 0.069608 0 0.051432 0 0.035415 0 0.022321 0 0.012442 0 0.006113 0 0.002563 0 0.000897 0 0.000235 0 4.7e-05
71 1000000 0 0 0 1e-06 0 2e-06 0 4e-06 0 9e-06 0 2.4e-05 0 6.9e-05 0 0.000115 0 0.000234 0 0.000522 0 0.001121 0 0.002077 0 0.004065 0 0.007009 0 0.012204 0 0.019955 0 0.030205 0 0.043971 0 0.059375 0 0.075402 0 0.089013 0 0.09894 0 0.103575 0 0.101586 0 0.092898 0 0.079718 0 0.063763 0 0.046096 0 0.031052 0 0.018997 0 0.010191 0 0.004928 0 0.002003 0 0.000672 0 0.000167 0 3.7e-05
72 1000000 0 0 0 0 1e-06 0 3e-06 0 6e-06 0 1.8e-05 0 2.8e-05 0 7.8e-05 0 0.000156 0 0.000309 0 0.000672 0 0.001415 0 0.002638 0 0.004921 0 0.008542 0 0.014707 0 0.023149 0 0.034668 0 0.048871 0 0.064688 0 0.079841 0 0.09245 0 0.100665 0 0.103337 0 0.098607 0 0.089032 0 0.074436 0 0.05792 0 0.041148 0 0.027129 0 0.016085 0 0.008344 0 0.003948 0 0.001545 0 0.000496 0 0.000125 0 2.2e-05
73 1000000 0 0 0 0 0 1e-06 0 4e-06 0 1.3e-05 0 2.2e-05 0 3.3e-05 0 0.000105 0 0.000205 0 0.000399 0 0.000883 0 0.001792 0 0.003281 0 0.006039 0 0.010516 0 0.01735 0 0.026998 0 0.039133 0 0.054436 0 0.069723 0 0.084247 0 0.095472 0 0.101819 0 0.101943 0 0.09555 0 0.084295 0 0.06872 0 0.052352 0 0.036398 0 0.023249 0 0.013425 0 0.006852 0 0.0031 0 0.001183 0 0.000362 0 8.8e-05 0 1.2e-05
74 1000000 0 0 0 0 0 0 2e-06 0 8e-06 0 1.5e-05 0 2.5e-05 0 5.3e-05 0 0.00013 0 0.000264 0 0.000533 0 0.001138 0 0.002274 0 0.004094 0 0.007356 0 0.012603 0 0.020488 0 0.030887 0 0.04409 0 0.059221 0 0.075206 0 0.087808 0 0.097644 0 0.102302 0 0.099968 0 0.091977 0 0.079125 0 0.063291 0 0.047253 0 0.03192 0 0.01994 0 0.011161 0 0.005551 0 0.002455 0 0.000878 0 0.000272 0 6e-05 0 8e-06
75 1000000 0 0 0 0 0 0 0 2e-06 0 1.4e-05 0 1.4e-05 0 3.6e-05 0 6.9e-05 0 0.000167 0 0.000338 0 0.000695 0 0.001511 0 0.002828 0 0.005105 0 0.009024 0 0.015087 0 0.024047 0 0.03511 0 0.049051 0 0.065037 0 0.079515 0 0.091254 0 0.099643 0 0.101595 0 0.097518 0 0.087576 0 0.073962 0 0.05761 0 0.042306 0 0.027607 0 0.016731 0 0.009292 0 0.004434 0 0.00191 0 0.000674 0 0.000192 0 3.9e-05 0 7e-06
76 1000000 0 0 0 0 0 0 0 0 5e-06 0 1.2e-05 0 2.3e-05 0 4.4e-05 0 0.000101 0 0.000213 0 0.000451 0 0.000892 0 0.001952 0 0.003499 0 0.006313 0 0.010917 0 0.017834 0 0.02777 0 0.039625 0 0.054386 0 0.06992 0 0.083985 0 0.093987 0 0.10042 0 0.100454 0 0.09419 0 0.083379 0 0.068621 0 0.052528 0 0.037177 0 0.023802 0 0.014234 0 0.007587 0 0.003536 0 0.001462 0 0.000518 0 0.000128 0 2.9e-05 0 6e-06
77 1000000 0 0 0 0 0 0 0 1e-06 0 5e-06 0 1.9e-05 0 2.9e-05 0 5.8e-05 0 0.00014 0 0.000285 0 0.000571 0 0.001211 0 0.002447 0 0.004406 0 0.007761 0 0.012956 0 0.02113 0 0.031882 0 0.044806 0 0.059611 0 0.074923 0 0.087813 0 0.096232 0 0.100938 0 0.098222 0 0.090736 0 0.078441 0 0.062935 0 0.047276 0 0.032325 0 0.020533 0 0.011874 0 0.006046 0 0.002783 0 0.001108 0 0.00038 0 9.3e-05 0 2.1e-05 0 3e-06
78 1000000 0 0 0 0 0 0 0 0 1e-06 0 7e-06 0 2.5e-05 0 4e-05 0 7.9e-05 0 0.000184 0 0.000365 0 0.000796 0 0.001541 0 0.003124 0 0.005379 0 0.00938 0 0.015605 0 0.024478 0 0.036377 0 0.0497 0 0.064795 0 0.079604 0 0.090727 0 0.097995 0 0.10035 0 0.095828 0 0.086804 0 0.073144 0 0.057783 0 0.042043 0 0.02829 0 0.017531 0 0.009713 0 0.004921 0 0.002164 0 0.000861 0 0.000281 0 7.1e-05 0 1.1e-05 0 3e-06
79 1000000 0 0 0 0 0 0 0 0 0 3e-06 0 9e-06 0 3e-05 0 5.1e-05 0 0.000112 0 0.00024 0 0.000506 0 0.001031 0 0.002045 0 0.003844 0 0.006627 0 0.011377 0 0.01855 0 0.02852 0 0.04087 0 0.055038 0 0.070096 0 0.083725 0 0.093337 0 0.099226 0 0.098976 0 0.09301 0 0.081983 0 0.067854 0 0.052185 0 0.03721 0 0.024433 0 0.014711 0 0.007888 0 0.00388 0 0.001719 0 0.000657 0 0.000199 0 4.8e-05 0 7e-06 0 3e-06
80 1000000 0 0 0 0 0 0 0 0 1e-06 0 5e-06 0 1.3e-05 0 3.2e-05 0 7e-05 0 0.000159 0 0.000333 0 0.000644 0 0.001353 0 0.002567 0 0.004632 0 0.008231 0 0.013655 0 0.021766 0 0.032456 0 0.045897 0 0.06039 0 0.074574 0 0.08737 0 0.095459 0 0.099437 0 0.097413 0 0.089059 0 0.077453 0 0.062423 0 0.047045 0 0.032717 0 0.021 0 0.012273 0 0.006515 0 0.003055 0 0.001318 0 0.000496 0 0.00015 0 3.1e-05 0 6e-06 0 2e-06
81 1000000 0 0 0 0 0 0 0 0 0 2e-06 0 6e-06 0 1.6e-05 0 4.5e-05 0 8.6e-05 0 0.000231 0 0.000428 0 0.000818 0 0.001719 0 0.003222 0 0.005763 0 0.010069 0 0.016344 0 0.025311 0 0.037239 0 0.051133 0 0.065561 0 0.078708 0 0.090558 0 0.097338 0 0.098921 0 0.094644 0 0.085335 0 0.072091 0 0.056907 0 0.042005 0 0.028532 0 0.017807 0 0.010033 0 0.005264 0 0.002369 0 0.000993 0 0.000365 0 0.000113 0 1.9e-05 0 4e-06 0 1e-06
82 1000000 0 0 0 0 0 0 0 0 0 0 4e-06 0 8e-06 0 2e-05 0 5.5e-05 0 0.000126 0 0.000322 0 0.000531 0 0.001052 0 0.002204 0 0.004018 0 0.007121 0 0.012108 0 0.019172 0 0.029345 0 0.042148 0 0.055949 0 0.070273 0 0.082731 0 0.093578 0 0.097785 0 0.098025 0 0.091337 0 0.080951 0 0.066894 0 0.051796 0 0.03745 0 0.024575 0 0.01495 0 0.008374 0 0.004104 0 0.001875 0 0.000766 0 0.000259 0 7.6e-05 0 1.6e-05 0 1e-06 0 1e-06
83 1000000 0 0 0 0 0 0 0 0 0 2e-06 0 4e-06 0 1.2e-05 0 2.5e-05 0 7.7e-05 0 0.00019 0 0.000376 0 0.0007 0 0.001388 0 0.002761 0 0.005001 0 0.008672 0 0.014541 0 0.022636 0 0.034004 0 0.046939 0 0.061011 0 0.07526 0 0.086478 0 0.095235 0 0.098011 0 0.096361 0 0.087435 0 0.076361 0 0.061246 0 0.046829 0 0.032814 0 0.020889 0 0.012537 0 0.006704 0 0.003227 0 0.001454 0 0.000563 0 0.000185 0 6e-05 0 1e-05 0 1e-06 0 1e-06
84 1000000 0 0 0 0 0 0 0 0 1e-06 0 4e-06 0 5e-06 0 1.9e-05 0 4e-05 0 0.000105 0 0.000253 0 0.00048 0 0.000918 0 0.001792 0 0.003334 0 0.006212 0 0.010562 0 0.017345 0 0.026574 0 0.038399 0 0.051746 0 0.065952 0 0.079382 0 0.089743 0 0.09647 0 0.097857 0 0.093263 0 0.08403 0 0.071081 0 0.056107 0 0.041864 0 0.028351 0 0.018072 0 0.010384 0 0.00538 0 0.002581 0 0.001101 0 0.000393 0 0.000157 0 3.7e-05 0 4e-06 0 1e-06 0 1e-06
85 1000000 0 0 0 0 0 0 0 1e-06 0 2e-06 0 5e-06 0 1.1e-05 0 2.1e-05 0 6.2e-05 0 0.000149 0 0.000313 0 0.000619 0 0.001199 0 0.002219 0 0.004223 0 0.007769 0 0.01288 0 0.020569 0 0.030738 0 0.043145 0 0.056792 0 0.070877 0 0.083201 0 0.092403 0 0.097788 0 0.096148 0 0.089873 0 0.079678 0 0.065708 0 0.050959 0 0.036877 0 0.024659 0 0.015164 0 0.008429 0 0.004243 0 0.002029 0 0.000803 0 0.000303 0 0.000114 0 2.1e-05 0 5e-06 0 0 0 1e-06
86 1000000 0 0 0 0 0 0 1e-06 0 2e-06 0 1e-06 0 9e-06 0 1.3e-05 0 3.4e-05 0 8.8e-05 0 0.000202 0 0.000392 0 0.000785 0 0.001534 0 0.002793 0 0.00537 0 0.009533 0 0.015413 0 0.024008 0 0.034999 0 0.048101 0 0.061592 0 0.075318 0 0.086582 0 0.094776 0 0.097341 0 0.094194 0 0.086455 0 0.074805 0 0.060707 0 0.045944 0 0.032396 0 0.021196 0 0.012682 0 0.006864 0 0.003409 0 0.001542 0 0.00059 0 0.000235 0 7.5e-05 0 1.3e-05 0 5e-06 0 0 0 1e-06
87 1000000 0 0 0 0 0 1e-06 0 2e-06 0 0 0 3e-06 0 1.1e-05 0 1.4e-05 0 5.9e-05 0 0.000138 0 0.000242 0 0.000487 0 0.001023 0 0.001962 0 0.003639 0 0.006706 0 0.011631 0 0.01832 0 0.027929 0 0.039658 0 0.052917 0 0.066671 0 0.079348 0 0.090027 0 0.095674 0 0.09671 0 0.091672 0 0.082561 0 0.069618 0 0.055448 0 0.040835 0 0.028262 0 0.018074 0 0.010347 0 0.00558 0 0.002622 0 0.001118 0 0.000452 0 0.000176 0 5.1e-05 0 9e-06 0 2e-06 0 0 0 1e-06
88 1000000 0 0 0 0 0 0 2e-06 0 1e-06 0 1e-06 0 5e-06 0 1.2e-05 0 2.6e-05 0 9.1e-05 0 0.000175 0 0.000302 0 0.000641 0 0.001275 0 0.002524 0 0.004636 0 0.008272 0 0.013982 0 0.021558 0 0.031894 0 0.044402 0 0.057491 0 0.071545 0 0.083427 0 0.092253 0 0.096428 0 0.095222 0 0.088372 0 0.078402 0 0.064448 0 0.050372 0 0.036166 0 0.024503 0 0.01524 0 0.008434 0 0.004535 0 0.001971 0 0.000879 0 0.000342 0 0.000127 0 3.4e-05 0 8e-06 0 1e-06 0 1e-06
89 1000000 0 0 0 0 0 0 0 2e-06 0 2e-06 0 0 0 9e-06 0 1.7e-05 0 4.4e-05 0 0.000112 0 0.000227 0 0.000406 0 0.00083 0 0.001633 0 0.003215 0 0.005909 0 0.010204 0 0.016491 0 0.025401 0 0.036263 0 0.049241 0 0.062415 0 0.076386 0 0.086811 0 0.094182 0 0.096167 0 0.093136 0 0.084603 0 0.073636 0 0.059065 0 0.045331 0 0.031797 0 0.020838 0 0.012666 0 0.006911 0 0.003481 0 0.001529 0 0.000659 0 0.000265 0 8.2e-05 0 2.8e-05 0 5e-06 0 1e-06
90 1000000 0 0 0 0 0 0 0 0 2e-06 0 2e-06 0 3e-06 0 1.2e-05 0 2.7e-05 0 5.4e-05 0 0.000152 0 0.000296 0 0.000544 0 0.001028 0 0.002123 0 0.004061 0 0.007366 0 0.012391 0 0.019435 0 0.029238 0 0.040762 0 0.054045 0 0.067311 0 0.080341 0 0.089956 0 0.094895 0 0.095202 0 0.090396 0 0.081257 0 0.068142 0 0.054317 0 0.040397 0 0.027584 0 0.017919 0 0.010551 0 0.005539 0 0.002679 0 0.001194 0 0.000516 0 0.000182 0 5.8e-05 0 2e-05 0 3e-06
91 1000000 0 0 0 0 0 0 0 0 0 2e-06 0 5e-06 0 2e-06 0 1.9e-05 0 3.6e-05 0 7.4e-05 0 0.000211 0 0.000383 0 0.000694 0 0.001377 0 0.002748 0 0.00518 0 0.009015 0 0.014892 0 0.022886 0 0.033528 0 0.045553 0 0.059085 0 0.072162 0 0.083875 0 0.09207 0 0.095457 0 0.093666 0 0.087516 0 0.076217 0 0.063164 0 0.049133 0 0.035537 0 0.023802 0 0.015179 0 0.008622 0 0.00439 0 0.00205 0 0.000908 0 0.000375 0 0.000131 0 4.4e-05 0 1.2e-05
92 1000000 0 0 0 0 0 0 0 0 0 0 5e-06 0 3e-06 0 4e-06 0 2.9e-05 0 4.2e-05 0 0.000115 0 0.000251 0 0.000511 0 0.000916 0 0.001766 0 0.003612 0 0.006423 0 0.010931 0 0.017647 0 0.026584 0 0.037803 0 0.050556 0 0.063818 0 0.07645 0 0.086776 0 0.09346 0 0.095347 0 0.091918 0 0.083463 0 0.071815 0 0.058235 0 0.043941 0 0.031177 0 0.020603 0 0.01267 0 0.006928 0 0.003533 0 0.001564 0 0.000684 0 0.000294 0 8.9e-05 0 3.3e-05 0 4e-06
93 1000000 0 0 0 0 0 0 0 0 0 1e-06 0 4e-06 0 5e-06 0 1.2e-05 0 3.1e-05 0 6.4e-05 0 0.000147 0 0.000337 0 0.000655 0 0.001165 0 0.002408 0 0.004552 0 0.00797 0 0.01322 0 0.020859 0 0.030609 0 0.042751 0 0.055444 0 0.0686 0 0.080254 0 0.089533 0 0.094347 0 0.094571 0 0.088813 0 0.079394 0 0.067015 0 0.052972 0 0.038882 0 0.027338 0 0.017475 0 0.010302 0 0.005531 0 0.002761 0 0.001158 0 0.000522 0 0.00022 0 5.6e-05 0 2e-05 0 2e-06
94 1000000 0 0 0 0 0 0 0 0 1e-06 0 0 0 6e-06 0 7e-06 0 1.4e-05 0 4.6e-05 0 9.5e-05 0 0.000181 0 0.00045 0 0.000801 0 0.001618 0 0.003007 0 0.005784 0 0.009637 0 0.015723 0 0.024463 0 0.034997 0 0.047379 0 0.060272 0 0.072932 0 0.083924 0 0.090937 0 0.094801 0 0.09297 0 0.085786 0 0.074945 0 0.062238 0 0.0475 0 0.034721 0 0.023544 0 0.014739 0 0.00844 0 0.004413 0 0.002126 0 0.000913 0 0.000387 0 0.000154 0 3.4e-05 0 1.4e-05 0 1e-06
95 1000000 0 0 0 0 0 0 0 0 0 1e-06 0 1e-06 0 6e-06 0 1.2e-05 0 1.9e-05 0 6.9e-05 0 0.00011 0 0.000256 0 0.000562 0 0.001113 0 0.002055 0 0.00394 0 0.007168 0 0.011624 0 0.018829 0 0.028352 0 0.039618 0 0.052141 0 0.065051 0 0.077385 0 0.08672 0 0.092648 0 0.09408 0 0.090745 0 0.082145 0 0.070358 0 0.056404 0 0.042956 0 0.030473 0 0.020003 0 0.012199 0 0.006754 0 0.003474 0 0.001624 0 0.000715 0 0.000267 0 9e-05 0 2.7e-05 0 6e-06
96 1000000 0 0 0 0 0 0 0 0 0 0 2e-06 0 1e-06 0 8e-06 0 1.5e-05 0 3.6e-05 0 7.5e-05 0 0.000155 0 0.000354 0 0.000723 0 0.001414 0 0.002738 0 0.004956 0 0.008642 0 0.014118 0 0.022095 0 0.032447 0 0.044023 0 0.056949 0 0.06968 0 0.080986 0 0.08929 0 0.09334 0 0.093173 0 0.087834 0 0.078094 0 0.065248 0 0.051572 0 0.038327 0 0.026546 0 0.016864 0 0.010102 0 0.005483 0 0.002645 0 0.001255 0 0.000544 0 0.000176 0 6.6e-05 0 2.1e-05 0 3e-06
97 1000000 0 0 0 0 0 0 0 0 0 0 0 2e-06 0 2e-06 0 1.1e-05 0 2.9e-05 0 3.7e-05 0 9.8e-05 0 0.000224 0 0.000476 0 0.000923 0 0.001868 0 0.003514 0 0.006226 0 0.010556 0 0.016964 0 0.025812 0 0.036792 0 0.048843 0 0.061862 0 0.074025 0 0.084617 0 0.090915 0 0.093683 0 0.091255 0 0.084572 0 0.073413 0 0.060269 0 0.046228 0 0.033825 0 0.022775 0 0.014146 0 0.008162 0 0.004333 0 0.002063 0 0.000911 0 0.000383 0 0.000129 0 4.3e-05 0 1.3e-05 0 1e-06
98 1000000 0 0 0 0 0 0 0 0 0 0 0 0 3e-06 0 3e-06 0 1.9e-05 0 3.2e-05 0 4.7e-05 0 0.000139 0 0.000305 0 0.000597 0 0.001251 0 0.002399 0 0.004401 0 0.007806 0 0.012707 0 0.020003 0 0.029864 0 0.041111 0 0.053487 0 0.066467 0 0.078247 0 0.087095 0 0.092282 0 0.093049 0 0.089099 0 0.080635 0 0.068772 0 0.054965 0 0.041889 0 0.029313 0 0.019512 0 0.011732 0 0.006646 0 0.003474 0 0.001574 0 0.000691 0 0.000246 0 9.5e-05 0 3.5e-05 0 7e-06 0 1e-06
99 1000000 0 0 0 0 0 0 0 0 0 0 0 0 0 3e-06 0 9e-06 0 1.7e-05 0 4e-05 0 7.2e-05 0 0.000205 0 0.000368 0 0.000819 0 0.001618 0 0.003084 0 0.005582 0 0.009558 0 0.015383 0 0.023595 0 0.034089 0 0.045657 0 0.058707 0 0.070898 0 0.081938 0 0.089346 0 0.092897 0 0.092124 0 0.085857 0 0.076174 0 0.063537 0 0.050081 0 0.036889 0 0.025322 0 0.016526 0 0.009608 0 0.005299 0 0.00275 0 0.001205 0 0.000478 0 0.00017 0 6.7e-05 0 2.2e-05 0 5e-06 0 1e-06
